C:\USERS\MALIUS ARTH\DOCUMENTS\FH TECHNIKUM\5. SEMESTER\GAME DEVELOPMENT\ANGEL-3.0.1\CODE\ANGEL\LIBRARIES\BOX2D-2.2.1\BUILD\VS2008\DEBUG\B2BLOCKALLOCATOR.OBJ
C:\USERS\MALIUS ARTH\DOCUMENTS\FH TECHNIKUM\5. SEMESTER\GAME DEVELOPMENT\ANGEL-3.0.1\CODE\ANGEL\LIBRARIES\BOX2D-2.2.1\BUILD\VS2008\DEBUG\B2BODY.OBJ
C:\USERS\MALIUS ARTH\DOCUMENTS\FH TECHNIKUM\5. SEMESTER\GAME DEVELOPMENT\ANGEL-3.0.1\CODE\ANGEL\LIBRARIES\BOX2D-2.2.1\BUILD\VS2008\DEBUG\B2BROADPHASE.OBJ
C:\USERS\MALIUS ARTH\DOCUMENTS\FH TECHNIKUM\5. SEMESTER\GAME DEVELOPMENT\ANGEL-3.0.1\CODE\ANGEL\LIBRARIES\BOX2D-2.2.1\BUILD\VS2008\DEBUG\B2CHAINANDCIRCLECONTACT.OBJ
C:\USERS\MALIUS ARTH\DOCUMENTS\FH TECHNIKUM\5. SEMESTER\GAME DEVELOPMENT\ANGEL-3.0.1\CODE\ANGEL\LIBRARIES\BOX2D-2.2.1\BUILD\VS2008\DEBUG\B2CHAINANDPOLYGONCONTACT.OBJ
C:\USERS\MALIUS ARTH\DOCUMENTS\FH TECHNIKUM\5. SEMESTER\GAME DEVELOPMENT\ANGEL-3.0.1\CODE\ANGEL\LIBRARIES\BOX2D-2.2.1\BUILD\VS2008\DEBUG\B2CHAINSHAPE.OBJ
C:\USERS\MALIUS ARTH\DOCUMENTS\FH TECHNIKUM\5. SEMESTER\GAME DEVELOPMENT\ANGEL-3.0.1\CODE\ANGEL\LIBRARIES\BOX2D-2.2.1\BUILD\VS2008\DEBUG\B2CIRCLECONTACT.OBJ
C:\USERS\MALIUS ARTH\DOCUMENTS\FH TECHNIKUM\5. SEMESTER\GAME DEVELOPMENT\ANGEL-3.0.1\CODE\ANGEL\LIBRARIES\BOX2D-2.2.1\BUILD\VS2008\DEBUG\B2CIRCLESHAPE.OBJ
C:\USERS\MALIUS ARTH\DOCUMENTS\FH TECHNIKUM\5. SEMESTER\GAME DEVELOPMENT\ANGEL-3.0.1\CODE\ANGEL\LIBRARIES\BOX2D-2.2.1\BUILD\VS2008\DEBUG\B2COLLIDECIRCLE.OBJ
C:\USERS\MALIUS ARTH\DOCUMENTS\FH TECHNIKUM\5. SEMESTER\GAME DEVELOPMENT\ANGEL-3.0.1\CODE\ANGEL\LIBRARIES\BOX2D-2.2.1\BUILD\VS2008\DEBUG\B2COLLIDEEDGE.OBJ
C:\USERS\MALIUS ARTH\DOCUMENTS\FH TECHNIKUM\5. SEMESTER\GAME DEVELOPMENT\ANGEL-3.0.1\CODE\ANGEL\LIBRARIES\BOX2D-2.2.1\BUILD\VS2008\DEBUG\B2COLLIDEPOLYGON.OBJ
C:\USERS\MALIUS ARTH\DOCUMENTS\FH TECHNIKUM\5. SEMESTER\GAME DEVELOPMENT\ANGEL-3.0.1\CODE\ANGEL\LIBRARIES\BOX2D-2.2.1\BUILD\VS2008\DEBUG\B2COLLISION.OBJ
C:\USERS\MALIUS ARTH\DOCUMENTS\FH TECHNIKUM\5. SEMESTER\GAME DEVELOPMENT\ANGEL-3.0.1\CODE\ANGEL\LIBRARIES\BOX2D-2.2.1\BUILD\VS2008\DEBUG\B2CONTACT.OBJ
C:\USERS\MALIUS ARTH\DOCUMENTS\FH TECHNIKUM\5. SEMESTER\GAME DEVELOPMENT\ANGEL-3.0.1\CODE\ANGEL\LIBRARIES\BOX2D-2.2.1\BUILD\VS2008\DEBUG\B2CONTACTMANAGER.OBJ
C:\USERS\MALIUS ARTH\DOCUMENTS\FH TECHNIKUM\5. SEMESTER\GAME DEVELOPMENT\ANGEL-3.0.1\CODE\ANGEL\LIBRARIES\BOX2D-2.2.1\BUILD\VS2008\DEBUG\B2CONTACTSOLVER.OBJ
C:\USERS\MALIUS ARTH\DOCUMENTS\FH TECHNIKUM\5. SEMESTER\GAME DEVELOPMENT\ANGEL-3.0.1\CODE\ANGEL\LIBRARIES\BOX2D-2.2.1\BUILD\VS2008\DEBUG\B2DISTANCE.OBJ
C:\USERS\MALIUS ARTH\DOCUMENTS\FH TECHNIKUM\5. SEMESTER\GAME DEVELOPMENT\ANGEL-3.0.1\CODE\ANGEL\LIBRARIES\BOX2D-2.2.1\BUILD\VS2008\DEBUG\B2DISTANCEJOINT.OBJ
C:\USERS\MALIUS ARTH\DOCUMENTS\FH TECHNIKUM\5. SEMESTER\GAME DEVELOPMENT\ANGEL-3.0.1\CODE\ANGEL\LIBRARIES\BOX2D-2.2.1\BUILD\VS2008\DEBUG\B2DRAW.OBJ
C:\USERS\MALIUS ARTH\DOCUMENTS\FH TECHNIKUM\5. SEMESTER\GAME DEVELOPMENT\ANGEL-3.0.1\CODE\ANGEL\LIBRARIES\BOX2D-2.2.1\BUILD\VS2008\DEBUG\B2DYNAMICTREE.OBJ
C:\USERS\MALIUS ARTH\DOCUMENTS\FH TECHNIKUM\5. SEMESTER\GAME DEVELOPMENT\ANGEL-3.0.1\CODE\ANGEL\LIBRARIES\BOX2D-2.2.1\BUILD\VS2008\DEBUG\B2EDGEANDCIRCLECONTACT.OBJ
C:\USERS\MALIUS ARTH\DOCUMENTS\FH TECHNIKUM\5. SEMESTER\GAME DEVELOPMENT\ANGEL-3.0.1\CODE\ANGEL\LIBRARIES\BOX2D-2.2.1\BUILD\VS2008\DEBUG\B2EDGEANDPOLYGONCONTACT.OBJ
C:\USERS\MALIUS ARTH\DOCUMENTS\FH TECHNIKUM\5. SEMESTER\GAME DEVELOPMENT\ANGEL-3.0.1\CODE\ANGEL\LIBRARIES\BOX2D-2.2.1\BUILD\VS2008\DEBUG\B2EDGESHAPE.OBJ
C:\USERS\MALIUS ARTH\DOCUMENTS\FH TECHNIKUM\5. SEMESTER\GAME DEVELOPMENT\ANGEL-3.0.1\CODE\ANGEL\LIBRARIES\BOX2D-2.2.1\BUILD\VS2008\DEBUG\B2FIXTURE.OBJ
C:\USERS\MALIUS ARTH\DOCUMENTS\FH TECHNIKUM\5. SEMESTER\GAME DEVELOPMENT\ANGEL-3.0.1\CODE\ANGEL\LIBRARIES\BOX2D-2.2.1\BUILD\VS2008\DEBUG\B2FRICTIONJOINT.OBJ
C:\USERS\MALIUS ARTH\DOCUMENTS\FH TECHNIKUM\5. SEMESTER\GAME DEVELOPMENT\ANGEL-3.0.1\CODE\ANGEL\LIBRARIES\BOX2D-2.2.1\BUILD\VS2008\DEBUG\B2GEARJOINT.OBJ
C:\USERS\MALIUS ARTH\DOCUMENTS\FH TECHNIKUM\5. SEMESTER\GAME DEVELOPMENT\ANGEL-3.0.1\CODE\ANGEL\LIBRARIES\BOX2D-2.2.1\BUILD\VS2008\DEBUG\B2ISLAND.OBJ
C:\USERS\MALIUS ARTH\DOCUMENTS\FH TECHNIKUM\5. SEMESTER\GAME DEVELOPMENT\ANGEL-3.0.1\CODE\ANGEL\LIBRARIES\BOX2D-2.2.1\BUILD\VS2008\DEBUG\B2JOINT.OBJ
C:\USERS\MALIUS ARTH\DOCUMENTS\FH TECHNIKUM\5. SEMESTER\GAME DEVELOPMENT\ANGEL-3.0.1\CODE\ANGEL\LIBRARIES\BOX2D-2.2.1\BUILD\VS2008\DEBUG\B2MATH.OBJ
C:\USERS\MALIUS ARTH\DOCUMENTS\FH TECHNIKUM\5. SEMESTER\GAME DEVELOPMENT\ANGEL-3.0.1\CODE\ANGEL\LIBRARIES\BOX2D-2.2.1\BUILD\VS2008\DEBUG\B2MOUSEJOINT.OBJ
C:\USERS\MALIUS ARTH\DOCUMENTS\FH TECHNIKUM\5. SEMESTER\GAME DEVELOPMENT\ANGEL-3.0.1\CODE\ANGEL\LIBRARIES\BOX2D-2.2.1\BUILD\VS2008\DEBUG\B2POLYGONANDCIRCLECONTACT.OBJ
C:\USERS\MALIUS ARTH\DOCUMENTS\FH TECHNIKUM\5. SEMESTER\GAME DEVELOPMENT\ANGEL-3.0.1\CODE\ANGEL\LIBRARIES\BOX2D-2.2.1\BUILD\VS2008\DEBUG\B2POLYGONCONTACT.OBJ
C:\USERS\MALIUS ARTH\DOCUMENTS\FH TECHNIKUM\5. SEMESTER\GAME DEVELOPMENT\ANGEL-3.0.1\CODE\ANGEL\LIBRARIES\BOX2D-2.2.1\BUILD\VS2008\DEBUG\B2POLYGONSHAPE.OBJ
C:\USERS\MALIUS ARTH\DOCUMENTS\FH TECHNIKUM\5. SEMESTER\GAME DEVELOPMENT\ANGEL-3.0.1\CODE\ANGEL\LIBRARIES\BOX2D-2.2.1\BUILD\VS2008\DEBUG\B2PRISMATICJOINT.OBJ
C:\USERS\MALIUS ARTH\DOCUMENTS\FH TECHNIKUM\5. SEMESTER\GAME DEVELOPMENT\ANGEL-3.0.1\CODE\ANGEL\LIBRARIES\BOX2D-2.2.1\BUILD\VS2008\DEBUG\B2PULLEYJOINT.OBJ
C:\USERS\MALIUS ARTH\DOCUMENTS\FH TECHNIKUM\5. SEMESTER\GAME DEVELOPMENT\ANGEL-3.0.1\CODE\ANGEL\LIBRARIES\BOX2D-2.2.1\BUILD\VS2008\DEBUG\B2REVOLUTEJOINT.OBJ
C:\USERS\MALIUS ARTH\DOCUMENTS\FH TECHNIKUM\5. SEMESTER\GAME DEVELOPMENT\ANGEL-3.0.1\CODE\ANGEL\LIBRARIES\BOX2D-2.2.1\BUILD\VS2008\DEBUG\B2ROPE.OBJ
C:\USERS\MALIUS ARTH\DOCUMENTS\FH TECHNIKUM\5. SEMESTER\GAME DEVELOPMENT\ANGEL-3.0.1\CODE\ANGEL\LIBRARIES\BOX2D-2.2.1\BUILD\VS2008\DEBUG\B2ROPEJOINT.OBJ
C:\USERS\MALIUS ARTH\DOCUMENTS\FH TECHNIKUM\5. SEMESTER\GAME DEVELOPMENT\ANGEL-3.0.1\CODE\ANGEL\LIBRARIES\BOX2D-2.2.1\BUILD\VS2008\DEBUG\B2SETTINGS.OBJ
C:\USERS\MALIUS ARTH\DOCUMENTS\FH TECHNIKUM\5. SEMESTER\GAME DEVELOPMENT\ANGEL-3.0.1\CODE\ANGEL\LIBRARIES\BOX2D-2.2.1\BUILD\VS2008\DEBUG\B2STACKALLOCATOR.OBJ
C:\USERS\MALIUS ARTH\DOCUMENTS\FH TECHNIKUM\5. SEMESTER\GAME DEVELOPMENT\ANGEL-3.0.1\CODE\ANGEL\LIBRARIES\BOX2D-2.2.1\BUILD\VS2008\DEBUG\B2TIMEOFIMPACT.OBJ
C:\USERS\MALIUS ARTH\DOCUMENTS\FH TECHNIKUM\5. SEMESTER\GAME DEVELOPMENT\ANGEL-3.0.1\CODE\ANGEL\LIBRARIES\BOX2D-2.2.1\BUILD\VS2008\DEBUG\B2TIMER.OBJ
C:\USERS\MALIUS ARTH\DOCUMENTS\FH TECHNIKUM\5. SEMESTER\GAME DEVELOPMENT\ANGEL-3.0.1\CODE\ANGEL\LIBRARIES\BOX2D-2.2.1\BUILD\VS2008\DEBUG\B2WELDJOINT.OBJ
C:\USERS\MALIUS ARTH\DOCUMENTS\FH TECHNIKUM\5. SEMESTER\GAME DEVELOPMENT\ANGEL-3.0.1\CODE\ANGEL\LIBRARIES\BOX2D-2.2.1\BUILD\VS2008\DEBUG\B2WHEELJOINT.OBJ
C:\USERS\MALIUS ARTH\DOCUMENTS\FH TECHNIKUM\5. SEMESTER\GAME DEVELOPMENT\ANGEL-3.0.1\CODE\ANGEL\LIBRARIES\BOX2D-2.2.1\BUILD\VS2008\DEBUG\B2WORLD.OBJ
C:\USERS\MALIUS ARTH\DOCUMENTS\FH TECHNIKUM\5. SEMESTER\GAME DEVELOPMENT\ANGEL-3.0.1\CODE\ANGEL\LIBRARIES\BOX2D-2.2.1\BUILD\VS2008\DEBUG\B2WORLDCALLBACKS.OBJ
C:\USERS\MALIUS ARTH\DOCUMENTS\FH TECHNIKUM\5. SEMESTER\GAME DEVELOPMENT\ANGEL-3.0.1\CODE\ANGEL\LIBRARIES\BOX2D-2.2.1\BUILD\VS2008\DEBUG\BOX2D.LIB
C:\Users\Malius Arth\Documents\FH Technikum\5. Semester\Game Development\Angel-3.0.1\Code\Angel\Libraries\Box2D-2.2.1\Build\vs2008\Debug\cl.command.1.tlog
C:\Users\Malius Arth\Documents\FH Technikum\5. Semester\Game Development\Angel-3.0.1\Code\Angel\Libraries\Box2D-2.2.1\Build\vs2008\Debug\CL.read.1.tlog
C:\Users\Malius Arth\Documents\FH Technikum\5. Semester\Game Development\Angel-3.0.1\Code\Angel\Libraries\Box2D-2.2.1\Build\vs2008\Debug\CL.write.1.tlog
C:\Users\Malius Arth\Documents\FH Technikum\5. Semester\Game Development\Angel-3.0.1\Code\Angel\Libraries\Box2D-2.2.1\Build\vs2008\Debug\lib.command.1.tlog
C:\Users\Malius Arth\Documents\FH Technikum\5. Semester\Game Development\Angel-3.0.1\Code\Angel\Libraries\Box2D-2.2.1\Build\vs2008\Debug\Lib-link.read.1.tlog
C:\Users\Malius Arth\Documents\FH Technikum\5. Semester\Game Development\Angel-3.0.1\Code\Angel\Libraries\Box2D-2.2.1\Build\vs2008\Debug\Lib-link.write.1.tlog
C:\Users\Malius Arth\Documents\FH Technikum\5. Semester\Game Development\Angel-3.0.1\Code\Angel\Libraries\Box2D-2.2.1\Build\vs2008\Debug\vc100.idb
C:\USERS\MALIUS ARTH\DOCUMENTS\FH TECHNIKUM\5. SEMESTER\GAME DEVELOPMENT\ANGEL-3.0.1\CODE\ANGEL\LIBRARIES\BOX2D-2.2.1\BUILD\VS2008\DEBUG\VC100.PDB
