Build started 31.10.2012 15:29:31.
     1>Project "C:\PixelArth\Angel-3.0.1\Code\Angel\Libraries\Box2D-2.2.1\Build\vs2008\Box2D.vcxproj" on node 5 (rebuild target(s)).
     1>_PrepareForClean:
         Deleting file "Debug\_Box2D.lastbuildstate".
       InitializeBuildStatus:
         Creating "Debug\_Box2D.unsuccessfulbuild" because "AlwaysCreate" was specified.
       ClCompile:
         C:\Program Files (x86)\Microsoft Visual Studio 10.0\VC\bin\CL.exe /c /I"C:\PixelArth\Angel-3.0.1\Code\Angel\Libraries\Box2D-2.2.1\Build\vs2008\..\.." /ZI /nologo /W3 /WX- /Od /Oy- /D _MBCS /Gm /EHsc /RTC1 /MDd /GS /fp:precise /Zc:wchar_t /Zc:forScope /Fo"Debug\\" /Fd"Debug\vc100.pdb" /Gd /TP /analyze- /errorReport:prompt ..\..\Box2D\Collision\b2BroadPhase.cpp ..\..\Box2D\Collision\b2CollideCircle.cpp ..\..\Box2D\Collision\b2CollideEdge.cpp ..\..\Box2D\Collision\b2CollidePolygon.cpp ..\..\Box2D\Collision\b2Collision.cpp ..\..\Box2D\Collision\b2Distance.cpp ..\..\Box2D\Collision\b2DynamicTree.cpp ..\..\Box2D\Collision\b2TimeOfImpact.cpp ..\..\Box2D\Collision\Shapes\b2CircleShape.cpp ..\..\Box2D\Collision\Shapes\b2EdgeShape.cpp ..\..\Box2D\Collision\Shapes\b2ChainShape.cpp ..\..\Box2D\Collision\Shapes\b2PolygonShape.cpp ..\..\Box2D\Common\b2BlockAllocator.cpp ..\..\Box2D\Common\b2Draw.cpp ..\..\Box2D\Common\b2Math.cpp ..\..\Box2D\Common\b2Settings.cpp ..\..\Box2D\Common\b2StackAllocator.cpp ..\..\Box2D\Common\b2Timer.cpp ..\..\Box2D\Dynamics\b2Body.cpp ..\..\Box2D\Dynamics\b2ContactManager.cpp ..\..\Box2D\Dynamics\b2Fixture.cpp ..\..\Box2D\Dynamics\b2Island.cpp ..\..\Box2D\Dynamics\b2World.cpp ..\..\Box2D\Dynamics\b2WorldCallbacks.cpp ..\..\Box2D\Dynamics\Contacts\b2CircleContact.cpp ..\..\Box2D\Dynamics\Contacts\b2Contact.cpp ..\..\Box2D\Dynamics\Contacts\b2ContactSolver.cpp ..\..\Box2D\Dynamics\Contacts\b2PolygonAndCircleContact.cpp ..\..\Box2D\Dynamics\Contacts\b2EdgeAndCircleContact.cpp ..\..\Box2D\Dynamics\Contacts\b2EdgeAndPolygonContact.cpp ..\..\Box2D\Dynamics\Contacts\b2ChainAndCircleContact.cpp ..\..\Box2D\Dynamics\Contacts\b2ChainAndPolygonContact.cpp ..\..\Box2D\Dynamics\Contacts\b2PolygonContact.cpp ..\..\Box2D\Dynamics\Joints\b2DistanceJoint.cpp ..\..\Box2D\Dynamics\Joints\b2FrictionJoint.cpp ..\..\Box2D\Dynamics\Joints\b2GearJoint.cpp ..\..\Box2D\Dynamics\Joints\b2Joint.cpp ..\..\Box2D\Dynamics\Joints\b2MouseJoint.cpp ..\..\Box2D\Dynamics\Joints\b2PrismaticJoint.cpp ..\..\Box2D\Dynamics\Joints\b2PulleyJoint.cpp ..\..\Box2D\Dynamics\Joints\b2RevoluteJoint.cpp ..\..\Box2D\Dynamics\Joints\b2RopeJoint.cpp ..\..\Box2D\Dynamics\Joints\b2WeldJoint.cpp ..\..\Box2D\Dynamics\Joints\b2WheelJoint.cpp ..\..\Box2D\Rope\b2Rope.cpp
         b2Rope.cpp
         b2WheelJoint.cpp
         b2WeldJoint.cpp
         b2RopeJoint.cpp
         b2RevoluteJoint.cpp
         b2PulleyJoint.cpp
         b2PrismaticJoint.cpp
         b2MouseJoint.cpp
         b2Joint.cpp
         b2GearJoint.cpp
         b2FrictionJoint.cpp
         b2DistanceJoint.cpp
         b2PolygonContact.cpp
         b2ChainAndPolygonContact.cpp
         b2ChainAndCircleContact.cpp
         b2EdgeAndPolygonContact.cpp
         b2EdgeAndCircleContact.cpp
         b2PolygonAndCircleContact.cpp
         b2ContactSolver.cpp
         b2Contact.cpp
         Generating Code...
         Compiling...
         b2CircleContact.cpp
         b2WorldCallbacks.cpp
         b2World.cpp
         b2Island.cpp
         b2Fixture.cpp
         b2ContactManager.cpp
         b2Body.cpp
         b2Timer.cpp
         b2StackAllocator.cpp
         b2Settings.cpp
         b2Math.cpp
         b2Draw.cpp
         b2BlockAllocator.cpp
         b2PolygonShape.cpp
         b2ChainShape.cpp
         b2EdgeShape.cpp
         b2CircleShape.cpp
         b2TimeOfImpact.cpp
         b2DynamicTree.cpp
         b2Distance.cpp
         Generating Code...
         Compiling...
         b2Collision.cpp
         b2CollidePolygon.cpp
         b2CollideEdge.cpp
         b2CollideCircle.cpp
         b2BroadPhase.cpp
         Generating Code...
     1>C:\Program Files (x86)\MSBuild\Microsoft.Cpp\v4.0\Microsoft.CppBuild.targets(1151,5): warning MSB8012: TargetPath(C:\PixelArth\Angel-3.0.1\Code\Angel\Libraries\Box2D-2.2.1\Build\vs2008\Debug\_Box2D.lib) does not match the Library's OutputFile property value (C:\PixelArth\Angel-3.0.1\Code\Angel\Libraries\Box2D-2.2.1\Build\vs2008\Debug\Box2D.lib). This may cause your project to build incorrectly. To correct this, please make sure that $(OutDir), $(TargetName) and $(TargetExt) property values match the value specified in %(Lib.OutputFile).
     1>C:\Program Files (x86)\MSBuild\Microsoft.Cpp\v4.0\Microsoft.CppBuild.targets(1153,5): warning MSB8012: TargetName(_Box2D) does not match the Library's OutputFile property value (Box2D). This may cause your project to build incorrectly. To correct this, please make sure that $(OutDir), $(TargetName) and $(TargetExt) property values match the value specified in %(Lib.OutputFile).
       Lib:
         C:\Program Files (x86)\Microsoft Visual Studio 10.0\VC\bin\Lib.exe /OUT:"C:\PixelArth\Angel-3.0.1\Code\Angel\Libraries\Box2D-2.2.1\Build\vs2008\Debug\Box2D.lib" /NOLOGO Debug\b2BroadPhase.obj
         Debug\b2CollideCircle.obj
         Debug\b2CollideEdge.obj
         Debug\b2CollidePolygon.obj
         Debug\b2Collision.obj
         Debug\b2Distance.obj
         Debug\b2DynamicTree.obj
         Debug\b2TimeOfImpact.obj
         Debug\b2CircleShape.obj
         Debug\b2EdgeShape.obj
         Debug\b2ChainShape.obj
         Debug\b2PolygonShape.obj
         Debug\b2BlockAllocator.obj
         Debug\b2Draw.obj
         Debug\b2Math.obj
         Debug\b2Settings.obj
         Debug\b2StackAllocator.obj
         Debug\b2Timer.obj
         Debug\b2Body.obj
         Debug\b2ContactManager.obj
         Debug\b2Fixture.obj
         Debug\b2Island.obj
         Debug\b2World.obj
         Debug\b2WorldCallbacks.obj
         Debug\b2CircleContact.obj
         Debug\b2Contact.obj
         Debug\b2ContactSolver.obj
         Debug\b2PolygonAndCircleContact.obj
         Debug\b2EdgeAndCircleContact.obj
         Debug\b2EdgeAndPolygonContact.obj
         Debug\b2ChainAndCircleContact.obj
         Debug\b2ChainAndPolygonContact.obj
         Debug\b2PolygonContact.obj
         Debug\b2DistanceJoint.obj
         Debug\b2FrictionJoint.obj
         Debug\b2GearJoint.obj
         Debug\b2Joint.obj
         Debug\b2MouseJoint.obj
         Debug\b2PrismaticJoint.obj
         Debug\b2PulleyJoint.obj
         Debug\b2RevoluteJoint.obj
         Debug\b2RopeJoint.obj
         Debug\b2WeldJoint.obj
         Debug\b2WheelJoint.obj
         Debug\b2Rope.obj
         Box2D.vcxproj -> C:\PixelArth\Angel-3.0.1\Code\Angel\Libraries\Box2D-2.2.1\Build\vs2008\Debug\_Box2D.lib
       FinalizeBuildStatus:
         Deleting file "Debug\_Box2D.unsuccessfulbuild".
         Touching "Debug\_Box2D.lastbuildstate".
     1>Done Building Project "C:\PixelArth\Angel-3.0.1\Code\Angel\Libraries\Box2D-2.2.1\Build\vs2008\Box2D.vcxproj" (rebuild target(s)).

Build succeeded.

Time Elapsed 00:00:16.39
