Build started 31.10.2012 15:29:35.
     1>Project "C:\PixelArth\Angel-3.0.1\Code\Angel\Libraries\libvorbis-1.3.2\win32\VS2008\libvorbisfile\libvorbisfile_static.vcxproj" on node 3 (rebuild target(s)).
     1>_PrepareForClean:
         Deleting file "Win32\Debug\_libvorbisfile.lastbuildstate".
       InitializeBuildStatus:
         Creating "Win32\Debug\_libvorbisfile.unsuccessfulbuild" because "AlwaysCreate" was specified.
       ClCompile:
         C:\Program Files (x86)\Microsoft Visual Studio 10.0\VC\bin\CL.exe /c /I..\..\..\include /I"..\..\..\..\libogg-1.3.0\include" /I"..\..\..\..\libogg-1.1.4\include" /I..\..\..\..\ogg\include /I..\..\..\..\..\..\..\core\ogg\libogg\include /ZI /nologo /W0 /WX- /Od /Oy- /D WIN32 /D _DEBUG /D _WINDOWS /D _USRDLL /D LIBVORBISFILE_EXPORTS /D _VC80_UPGRADE=0x0710 /D _UNICODE /D UNICODE /Gm /EHsc /RTC1 /MDd /GS /fp:precise /Zc:wchar_t /Zc:forScope /Fo"Win32\Debug\\" /Fd"Win32\Debug\vc100.pdb" /Gd /TC /analyze- /errorReport:prompt ..\..\..\lib\vorbisfile.c
         vorbisfile.c
     1>C:\Program Files (x86)\MSBuild\Microsoft.Cpp\v4.0\Microsoft.CppBuild.targets(1151,5): warning MSB8012: TargetPath(C:\PixelArth\Angel-3.0.1\Code\Angel\Libraries\libvorbis-1.3.2\win32\VS2008\libvorbisfile\Win32\Debug\_libvorbisfile.lib) does not match the Library's OutputFile property value (C:\PixelArth\Angel-3.0.1\Code\Angel\Libraries\libvorbis-1.3.2\win32\VS2008\libvorbisfile\Win32\Debug\_libvorbisfile_static.lib). This may cause your project to build incorrectly. To correct this, please make sure that $(OutDir), $(TargetName) and $(TargetExt) property values match the value specified in %(Lib.OutputFile).
     1>C:\Program Files (x86)\MSBuild\Microsoft.Cpp\v4.0\Microsoft.CppBuild.targets(1153,5): warning MSB8012: TargetName(_libvorbisfile) does not match the Library's OutputFile property value (_libvorbisfile_static). This may cause your project to build incorrectly. To correct this, please make sure that $(OutDir), $(TargetName) and $(TargetExt) property values match the value specified in %(Lib.OutputFile).
       Lib:
         C:\Program Files (x86)\Microsoft Visual Studio 10.0\VC\bin\Lib.exe /OUT:"C:\PixelArth\Angel-3.0.1\Code\Angel\Libraries\libvorbis-1.3.2\win32\VS2008\libvorbisfile\Win32\Debug\_libvorbisfile_static.lib" /NOLOGO Win32\Debug\vorbisfile.obj
         libvorbisfile_static.vcxproj -> C:\PixelArth\Angel-3.0.1\Code\Angel\Libraries\libvorbis-1.3.2\win32\VS2008\libvorbisfile\Win32\Debug\_libvorbisfile.lib
       FinalizeBuildStatus:
         Deleting file "Win32\Debug\_libvorbisfile.unsuccessfulbuild".
         Touching "Win32\Debug\_libvorbisfile.lastbuildstate".
     1>Done Building Project "C:\PixelArth\Angel-3.0.1\Code\Angel\Libraries\libvorbis-1.3.2\win32\VS2008\libvorbisfile\libvorbisfile_static.vcxproj" (rebuild target(s)).

Build succeeded.

Time Elapsed 00:00:00.86
