C:\USERS\MALIUS ARTH\DOCUMENTS\FH TECHNIKUM\5. SEMESTER\GAME DEVELOPMENT\ANGEL-3.0.1\CODE\ANGEL\LIBRARIES\FTGL\WIN32_VCPP\BUILD\FTGL_STATIC_MTD_D.LIB
C:\Users\Malius Arth\Documents\FH Technikum\5. Semester\Game Development\Angel-3.0.1\Code\Angel\Libraries\FTGL\win32_vcpp\ftgl_static_lib\Debug_MT\_FTGL.write.1.tlog
C:\Users\Malius Arth\Documents\FH Technikum\5. Semester\Game Development\Angel-3.0.1\Code\Angel\Libraries\FTGL\win32_vcpp\ftgl_static_lib\Debug_MT\cl.command.1.tlog
C:\Users\Malius Arth\Documents\FH Technikum\5. Semester\Game Development\Angel-3.0.1\Code\Angel\Libraries\FTGL\win32_vcpp\ftgl_static_lib\Debug_MT\CL.read.1.tlog
C:\Users\Malius Arth\Documents\FH Technikum\5. Semester\Game Development\Angel-3.0.1\Code\Angel\Libraries\FTGL\win32_vcpp\ftgl_static_lib\Debug_MT\CL.write.1.tlog
C:\USERS\MALIUS ARTH\DOCUMENTS\FH TECHNIKUM\5. SEMESTER\GAME DEVELOPMENT\ANGEL-3.0.1\CODE\ANGEL\LIBRARIES\FTGL\WIN32_VCPP\FTGL_STATIC_LIB\DEBUG_MT\FTBITMAPGLYPH.OBJ
C:\USERS\MALIUS ARTH\DOCUMENTS\FH TECHNIKUM\5. SEMESTER\GAME DEVELOPMENT\ANGEL-3.0.1\CODE\ANGEL\LIBRARIES\FTGL\WIN32_VCPP\FTGL_STATIC_LIB\DEBUG_MT\FTCHARMAP.OBJ
C:\USERS\MALIUS ARTH\DOCUMENTS\FH TECHNIKUM\5. SEMESTER\GAME DEVELOPMENT\ANGEL-3.0.1\CODE\ANGEL\LIBRARIES\FTGL\WIN32_VCPP\FTGL_STATIC_LIB\DEBUG_MT\FTCONTOUR.OBJ
C:\USERS\MALIUS ARTH\DOCUMENTS\FH TECHNIKUM\5. SEMESTER\GAME DEVELOPMENT\ANGEL-3.0.1\CODE\ANGEL\LIBRARIES\FTGL\WIN32_VCPP\FTGL_STATIC_LIB\DEBUG_MT\FTEXTRDGLYPH.OBJ
C:\USERS\MALIUS ARTH\DOCUMENTS\FH TECHNIKUM\5. SEMESTER\GAME DEVELOPMENT\ANGEL-3.0.1\CODE\ANGEL\LIBRARIES\FTGL\WIN32_VCPP\FTGL_STATIC_LIB\DEBUG_MT\FTFACE.OBJ
C:\USERS\MALIUS ARTH\DOCUMENTS\FH TECHNIKUM\5. SEMESTER\GAME DEVELOPMENT\ANGEL-3.0.1\CODE\ANGEL\LIBRARIES\FTGL\WIN32_VCPP\FTGL_STATIC_LIB\DEBUG_MT\FTFONT.OBJ
C:\USERS\MALIUS ARTH\DOCUMENTS\FH TECHNIKUM\5. SEMESTER\GAME DEVELOPMENT\ANGEL-3.0.1\CODE\ANGEL\LIBRARIES\FTGL\WIN32_VCPP\FTGL_STATIC_LIB\DEBUG_MT\FTGLBITMAPFONT.OBJ
C:\USERS\MALIUS ARTH\DOCUMENTS\FH TECHNIKUM\5. SEMESTER\GAME DEVELOPMENT\ANGEL-3.0.1\CODE\ANGEL\LIBRARIES\FTGL\WIN32_VCPP\FTGL_STATIC_LIB\DEBUG_MT\FTGLEXTRDFONT.OBJ
C:\USERS\MALIUS ARTH\DOCUMENTS\FH TECHNIKUM\5. SEMESTER\GAME DEVELOPMENT\ANGEL-3.0.1\CODE\ANGEL\LIBRARIES\FTGL\WIN32_VCPP\FTGL_STATIC_LIB\DEBUG_MT\FTGLOUTLINEFONT.OBJ
C:\USERS\MALIUS ARTH\DOCUMENTS\FH TECHNIKUM\5. SEMESTER\GAME DEVELOPMENT\ANGEL-3.0.1\CODE\ANGEL\LIBRARIES\FTGL\WIN32_VCPP\FTGL_STATIC_LIB\DEBUG_MT\FTGLPIXMAPFONT.OBJ
C:\USERS\MALIUS ARTH\DOCUMENTS\FH TECHNIKUM\5. SEMESTER\GAME DEVELOPMENT\ANGEL-3.0.1\CODE\ANGEL\LIBRARIES\FTGL\WIN32_VCPP\FTGL_STATIC_LIB\DEBUG_MT\FTGLPOLYGONFONT.OBJ
C:\USERS\MALIUS ARTH\DOCUMENTS\FH TECHNIKUM\5. SEMESTER\GAME DEVELOPMENT\ANGEL-3.0.1\CODE\ANGEL\LIBRARIES\FTGL\WIN32_VCPP\FTGL_STATIC_LIB\DEBUG_MT\FTGLTEXTUREFONT.OBJ
C:\USERS\MALIUS ARTH\DOCUMENTS\FH TECHNIKUM\5. SEMESTER\GAME DEVELOPMENT\ANGEL-3.0.1\CODE\ANGEL\LIBRARIES\FTGL\WIN32_VCPP\FTGL_STATIC_LIB\DEBUG_MT\FTGLYPH.OBJ
C:\USERS\MALIUS ARTH\DOCUMENTS\FH TECHNIKUM\5. SEMESTER\GAME DEVELOPMENT\ANGEL-3.0.1\CODE\ANGEL\LIBRARIES\FTGL\WIN32_VCPP\FTGL_STATIC_LIB\DEBUG_MT\FTGLYPHCONTAINER.OBJ
C:\USERS\MALIUS ARTH\DOCUMENTS\FH TECHNIKUM\5. SEMESTER\GAME DEVELOPMENT\ANGEL-3.0.1\CODE\ANGEL\LIBRARIES\FTGL\WIN32_VCPP\FTGL_STATIC_LIB\DEBUG_MT\FTLIBRARY.OBJ
C:\USERS\MALIUS ARTH\DOCUMENTS\FH TECHNIKUM\5. SEMESTER\GAME DEVELOPMENT\ANGEL-3.0.1\CODE\ANGEL\LIBRARIES\FTGL\WIN32_VCPP\FTGL_STATIC_LIB\DEBUG_MT\FTOUTLINEGLYPH.OBJ
C:\USERS\MALIUS ARTH\DOCUMENTS\FH TECHNIKUM\5. SEMESTER\GAME DEVELOPMENT\ANGEL-3.0.1\CODE\ANGEL\LIBRARIES\FTGL\WIN32_VCPP\FTGL_STATIC_LIB\DEBUG_MT\FTPIXMAPGLYPH.OBJ
C:\USERS\MALIUS ARTH\DOCUMENTS\FH TECHNIKUM\5. SEMESTER\GAME DEVELOPMENT\ANGEL-3.0.1\CODE\ANGEL\LIBRARIES\FTGL\WIN32_VCPP\FTGL_STATIC_LIB\DEBUG_MT\FTPOINT.OBJ
C:\USERS\MALIUS ARTH\DOCUMENTS\FH TECHNIKUM\5. SEMESTER\GAME DEVELOPMENT\ANGEL-3.0.1\CODE\ANGEL\LIBRARIES\FTGL\WIN32_VCPP\FTGL_STATIC_LIB\DEBUG_MT\FTPOLYGLYPH.OBJ
C:\USERS\MALIUS ARTH\DOCUMENTS\FH TECHNIKUM\5. SEMESTER\GAME DEVELOPMENT\ANGEL-3.0.1\CODE\ANGEL\LIBRARIES\FTGL\WIN32_VCPP\FTGL_STATIC_LIB\DEBUG_MT\FTSIZE.OBJ
C:\USERS\MALIUS ARTH\DOCUMENTS\FH TECHNIKUM\5. SEMESTER\GAME DEVELOPMENT\ANGEL-3.0.1\CODE\ANGEL\LIBRARIES\FTGL\WIN32_VCPP\FTGL_STATIC_LIB\DEBUG_MT\FTTEXTUREGLYPH.OBJ
C:\USERS\MALIUS ARTH\DOCUMENTS\FH TECHNIKUM\5. SEMESTER\GAME DEVELOPMENT\ANGEL-3.0.1\CODE\ANGEL\LIBRARIES\FTGL\WIN32_VCPP\FTGL_STATIC_LIB\DEBUG_MT\FTVECTORISER.OBJ
C:\Users\Malius Arth\Documents\FH Technikum\5. Semester\Game Development\Angel-3.0.1\Code\Angel\Libraries\FTGL\win32_vcpp\ftgl_static_lib\Debug_MT\lib.command.1.tlog
C:\Users\Malius Arth\Documents\FH Technikum\5. Semester\Game Development\Angel-3.0.1\Code\Angel\Libraries\FTGL\win32_vcpp\ftgl_static_lib\Debug_MT\Lib-link.read.1.tlog
C:\Users\Malius Arth\Documents\FH Technikum\5. Semester\Game Development\Angel-3.0.1\Code\Angel\Libraries\FTGL\win32_vcpp\ftgl_static_lib\Debug_MT\Lib-link.write.1.tlog
C:\Users\Malius Arth\Documents\FH Technikum\5. Semester\Game Development\Angel-3.0.1\Code\Angel\Libraries\FTGL\win32_vcpp\ftgl_static_lib\Debug_MT\vc100.idb
C:\USERS\MALIUS ARTH\DOCUMENTS\FH TECHNIKUM\5. SEMESTER\GAME DEVELOPMENT\ANGEL-3.0.1\CODE\ANGEL\LIBRARIES\FTGL\WIN32_VCPP\FTGL_STATIC_LIB\DEBUG_MT\VC100.PDB
