Build started 12.11.2012 03:33:41.
     1>Project "C:\Users\Malius Arth\Documents\FH Technikum\5. Semester\Game Development\Angel-3.0.1\Code\Angel\Libraries\FTGL\win32_vcpp\ftgl_static_lib\ftgl_static_lib.vcxproj" on node 3 (build target(s)).
     1>InitializeBuildStatus:
         Creating ".\Debug_MT\_FTGL.unsuccessfulbuild" because "AlwaysCreate" was specified.
       ClCompile:
         C:\Program Files (x86)\Microsoft Visual Studio 10.0\VC\bin\CL.exe /c /I"..\..\..\freetype-2.4.8\include" /I..\..\include /ZI /nologo /W0 /WX- /Od /Oy- /D _DEBUG /D WIN32 /D _LIB /D FTGL_LIBRARY_STATIC /D _VC80_UPGRADE=0x0600 /D _MBCS /Gm /EHsc /RTC1 /MDd /GS /fp:precise /Zc:wchar_t /Zc:forScope /Fo".\Debug_MT/" /Fd".\Debug_MT/vc100.pdb" /Gd /TP /analyze- /errorReport:prompt ..\..\src\FTBitmapGlyph.cpp ..\..\src\FTCharmap.cpp ..\..\src\FTContour.cpp ..\..\src\FTExtrdGlyph.cpp ..\..\src\FTFace.cpp ..\..\src\FTFont.cpp ..\..\src\FTGLBitmapFont.cpp ..\..\src\FTGLExtrdFont.cpp ..\..\src\FTGLOutlineFont.cpp ..\..\src\FTGLPixmapFont.cpp ..\..\src\FTGLPolygonFont.cpp ..\..\src\FTGLTextureFont.cpp ..\..\src\FTGlyph.cpp ..\..\src\FTGlyphContainer.cpp ..\..\src\FTLibrary.cpp ..\..\src\FTOutlineGlyph.cpp ..\..\src\FTPixmapGlyph.cpp ..\..\src\FTPoint.cpp ..\..\src\FTPolyGlyph.cpp ..\..\src\FTSize.cpp ..\..\src\FTTextureGlyph.cpp ..\..\src\FTVectoriser.cpp
         FTVectoriser.cpp
         FTTextureGlyph.cpp
         FTSize.cpp
         FTPolyGlyph.cpp
         FTPoint.cpp
         FTPixmapGlyph.cpp
         FTOutlineGlyph.cpp
         FTLibrary.cpp
         FTGlyphContainer.cpp
         FTGlyph.cpp
         FTGLTextureFont.cpp
         FTGLPolygonFont.cpp
         FTGLPixmapFont.cpp
         FTGLOutlineFont.cpp
         FTGLExtrdFont.cpp
         FTGLBitmapFont.cpp
         FTFont.cpp
         FTFace.cpp
         FTExtrdGlyph.cpp
         FTContour.cpp
         Generating Code...
         Compiling...
         FTCharmap.cpp
         FTBitmapGlyph.cpp
         Generating Code...
     1>C:\Program Files (x86)\MSBuild\Microsoft.Cpp\v4.0\Microsoft.CppBuild.targets(1151,5): warning MSB8012: TargetPath(C:\Users\Malius Arth\Documents\FH Technikum\5. Semester\Game Development\Angel-3.0.1\Code\Angel\Libraries\FTGL\win32_vcpp\ftgl_static_lib\.\Debug_MT\_FTGL.lib) does not match the Library's OutputFile property value (C:\Users\Malius Arth\Documents\FH Technikum\5. Semester\Game Development\Angel-3.0.1\Code\Angel\Libraries\FTGL\win32_vcpp\Build\ftgl_static_MTD_d.lib). This may cause your project to build incorrectly. To correct this, please make sure that $(OutDir), $(TargetName) and $(TargetExt) property values match the value specified in %(Lib.OutputFile).
     1>C:\Program Files (x86)\MSBuild\Microsoft.Cpp\v4.0\Microsoft.CppBuild.targets(1153,5): warning MSB8012: TargetName(_FTGL) does not match the Library's OutputFile property value (ftgl_static_MTD_d). This may cause your project to build incorrectly. To correct this, please make sure that $(OutDir), $(TargetName) and $(TargetExt) property values match the value specified in %(Lib.OutputFile).
       Lib:
         C:\Program Files (x86)\Microsoft Visual Studio 10.0\VC\bin\Lib.exe /OUT:"..\Build\ftgl_static_MTD_d.lib" /NOLOGO .\Debug_MT/FTBitmapGlyph.obj
         .\Debug_MT/FTCharmap.obj
         .\Debug_MT/FTContour.obj
         .\Debug_MT/FTExtrdGlyph.obj
         .\Debug_MT/FTFace.obj
         .\Debug_MT/FTFont.obj
         .\Debug_MT/FTGLBitmapFont.obj
         .\Debug_MT/FTGLExtrdFont.obj
         .\Debug_MT/FTGLOutlineFont.obj
         .\Debug_MT/FTGLPixmapFont.obj
         .\Debug_MT/FTGLPolygonFont.obj
         .\Debug_MT/FTGLTextureFont.obj
         .\Debug_MT/FTGlyph.obj
         .\Debug_MT/FTGlyphContainer.obj
         .\Debug_MT/FTLibrary.obj
         .\Debug_MT/FTOutlineGlyph.obj
         .\Debug_MT/FTPixmapGlyph.obj
         .\Debug_MT/FTPoint.obj
         .\Debug_MT/FTPolyGlyph.obj
         .\Debug_MT/FTSize.obj
         .\Debug_MT/FTTextureGlyph.obj
         .\Debug_MT/FTVectoriser.obj
         ftgl_static_lib.vcxproj -> C:\Users\Malius Arth\Documents\FH Technikum\5. Semester\Game Development\Angel-3.0.1\Code\Angel\Libraries\FTGL\win32_vcpp\ftgl_static_lib\.\Debug_MT\_FTGL.lib
       FinalizeBuildStatus:
         Deleting file ".\Debug_MT\_FTGL.unsuccessfulbuild".
         Touching ".\Debug_MT\_FTGL.lastbuildstate".
     1>Done Building Project "C:\Users\Malius Arth\Documents\FH Technikum\5. Semester\Game Development\Angel-3.0.1\Code\Angel\Libraries\FTGL\win32_vcpp\ftgl_static_lib\ftgl_static_lib.vcxproj" (build target(s)).

Build succeeded.

Time Elapsed 00:00:14.65
