C:\PIXELARTH\ANGEL-3.0.1\CODE\ANGEL\DEBUG\ACTOR.OBJ
C:\PIXELARTH\ANGEL-3.0.1\CODE\ANGEL\DEBUG\ANGEL.LIB
C:\PIXELARTH\ANGEL-3.0.1\CODE\ANGEL\DEBUG\ANGEL.PCH
C:\PIXELARTH\ANGEL-3.0.1\CODE\ANGEL\DEBUG\BOUNDINGSHAPES.OBJ
C:\PIXELARTH\ANGEL-3.0.1\CODE\ANGEL\DEBUG\BRAIN.OBJ
C:\PIXELARTH\ANGEL-3.0.1\CODE\ANGEL\DEBUG\CAMERA.OBJ
C:\PIXELARTH\ANGEL-3.0.1\CODE\ANGEL\DEBUG\COLOR.OBJ
C:\PIXELARTH\ANGEL-3.0.1\CODE\ANGEL\DEBUG\CONSOLE.OBJ
C:\PIXELARTH\ANGEL-3.0.1\CODE\ANGEL\DEBUG\CONTROLLER.OBJ
C:\PIXELARTH\ANGEL-3.0.1\CODE\ANGEL\DEBUG\DRAWUTIL.OBJ
C:\PIXELARTH\ANGEL-3.0.1\CODE\ANGEL\DEBUG\FILEUTIL.OBJ
C:\PIXELARTH\ANGEL-3.0.1\CODE\ANGEL\DEBUG\FULLSCREENACTOR.OBJ
C:\PIXELARTH\ANGEL-3.0.1\CODE\ANGEL\DEBUG\GAMEMANAGER.OBJ
C:\PIXELARTH\ANGEL-3.0.1\CODE\ANGEL\DEBUG\GOTOAIEVENT.OBJ
C:\PIXELARTH\ANGEL-3.0.1\CODE\ANGEL\DEBUG\GOTOTARGETAIEVENT.OBJ
C:\PIXELARTH\ANGEL-3.0.1\CODE\ANGEL\DEBUG\GRIDACTOR.OBJ
C:\PIXELARTH\ANGEL-3.0.1\CODE\ANGEL\DEBUG\HUDACTOR.OBJ
C:\PIXELARTH\ANGEL-3.0.1\CODE\ANGEL\DEBUG\INPUT.OBJ
C:\PIXELARTH\ANGEL-3.0.1\CODE\ANGEL\DEBUG\INPUTMANAGER.OBJ
C:\PIXELARTH\ANGEL-3.0.1\CODE\ANGEL\DEBUG\LOG.OBJ
C:\PIXELARTH\ANGEL-3.0.1\CODE\ANGEL\DEBUG\LUACONSOLE.OBJ
C:\PIXELARTH\ANGEL-3.0.1\CODE\ANGEL\DEBUG\LUAMODULE.OBJ
C:\PIXELARTH\ANGEL-3.0.1\CODE\ANGEL\DEBUG\MATHUTIL.OBJ
C:\PIXELARTH\ANGEL-3.0.1\CODE\ANGEL\DEBUG\MESSAGE.OBJ
C:\PIXELARTH\ANGEL-3.0.1\CODE\ANGEL\DEBUG\MOBILESIMULATOR.OBJ
C:\PIXELARTH\ANGEL-3.0.1\CODE\ANGEL\DEBUG\MOUSEINPUT.OBJ
C:\PIXELARTH\ANGEL-3.0.1\CODE\ANGEL\DEBUG\MULTITOUCH.OBJ
C:\PIXELARTH\ANGEL-3.0.1\CODE\ANGEL\DEBUG\NAMEDEVENTAIEVENT.OBJ
C:\PIXELARTH\ANGEL-3.0.1\CODE\ANGEL\DEBUG\PARTICLEACTOR.OBJ
C:\PIXELARTH\ANGEL-3.0.1\CODE\ANGEL\DEBUG\PATHFINDER.OBJ
C:\PIXELARTH\ANGEL-3.0.1\CODE\ANGEL\DEBUG\PHYSICSACTOR.OBJ
C:\PIXELARTH\ANGEL-3.0.1\CODE\ANGEL\DEBUG\PREFERENCES.OBJ
C:\PIXELARTH\ANGEL-3.0.1\CODE\ANGEL\DEBUG\RAY2.OBJ
C:\PIXELARTH\ANGEL-3.0.1\CODE\ANGEL\DEBUG\RENDERABLEITERATOR.OBJ
C:\PIXELARTH\ANGEL-3.0.1\CODE\ANGEL\DEBUG\SENTIENT.OBJ
C:\PIXELARTH\ANGEL-3.0.1\CODE\ANGEL\DEBUG\SOUNDDEVICE.OBJ
C:\PIXELARTH\ANGEL-3.0.1\CODE\ANGEL\DEBUG\SPATIALGRAPH.OBJ
C:\PIXELARTH\ANGEL-3.0.1\CODE\ANGEL\DEBUG\STDAFX.OBJ
C:\PIXELARTH\ANGEL-3.0.1\CODE\ANGEL\DEBUG\STRINGUTIL.OBJ
C:\PIXELARTH\ANGEL-3.0.1\CODE\ANGEL\DEBUG\SWITCHBOARD.OBJ
C:\PIXELARTH\ANGEL-3.0.1\CODE\ANGEL\DEBUG\TAGCOLLECTION.OBJ
C:\PIXELARTH\ANGEL-3.0.1\CODE\ANGEL\DEBUG\TEXTACTOR.OBJ
C:\PIXELARTH\ANGEL-3.0.1\CODE\ANGEL\DEBUG\TEXTRENDERING.OBJ
C:\PIXELARTH\ANGEL-3.0.1\CODE\ANGEL\DEBUG\TEXTURES.OBJ
C:\PIXELARTH\ANGEL-3.0.1\CODE\ANGEL\DEBUG\TIMERAIEVENT.OBJ
C:\PIXELARTH\ANGEL-3.0.1\CODE\ANGEL\DEBUG\TRAVERSAL.OBJ
C:\PIXELARTH\ANGEL-3.0.1\CODE\ANGEL\DEBUG\TRAVERSALAIEVENT.OBJ
C:\PIXELARTH\ANGEL-3.0.1\CODE\ANGEL\DEBUG\TUNINGVARIABLE.OBJ
C:\PIXELARTH\ANGEL-3.0.1\CODE\ANGEL\DEBUG\VC100.PDB
C:\PIXELARTH\ANGEL-3.0.1\CODE\ANGEL\DEBUG\VECTOR2.OBJ
C:\PIXELARTH\ANGEL-3.0.1\CODE\ANGEL\DEBUG\VECTOR3.OBJ
C:\PIXELARTH\ANGEL-3.0.1\CODE\ANGEL\DEBUG\WORLD.OBJ
C:\USERS\MALIUS ARTH\DOCUMENTS\FH TECHNIKUM\5. SEMESTER\GAME DEVELOPMENT\ANGEL-3.0.1\CODE\ANGEL\DEBUG\ACTOR.OBJ
C:\USERS\MALIUS ARTH\DOCUMENTS\FH TECHNIKUM\5. SEMESTER\GAME DEVELOPMENT\ANGEL-3.0.1\CODE\ANGEL\DEBUG\ANGEL.LIB
C:\USERS\MALIUS ARTH\DOCUMENTS\FH TECHNIKUM\5. SEMESTER\GAME DEVELOPMENT\ANGEL-3.0.1\CODE\ANGEL\DEBUG\ANGEL.PCH
C:\USERS\MALIUS ARTH\DOCUMENTS\FH TECHNIKUM\5. SEMESTER\GAME DEVELOPMENT\ANGEL-3.0.1\CODE\ANGEL\DEBUG\BOUNDINGSHAPES.OBJ
C:\USERS\MALIUS ARTH\DOCUMENTS\FH TECHNIKUM\5. SEMESTER\GAME DEVELOPMENT\ANGEL-3.0.1\CODE\ANGEL\DEBUG\BRAIN.OBJ
C:\USERS\MALIUS ARTH\DOCUMENTS\FH TECHNIKUM\5. SEMESTER\GAME DEVELOPMENT\ANGEL-3.0.1\CODE\ANGEL\DEBUG\CAMERA.OBJ
C:\USERS\MALIUS ARTH\DOCUMENTS\FH TECHNIKUM\5. SEMESTER\GAME DEVELOPMENT\ANGEL-3.0.1\CODE\ANGEL\DEBUG\COLOR.OBJ
C:\USERS\MALIUS ARTH\DOCUMENTS\FH TECHNIKUM\5. SEMESTER\GAME DEVELOPMENT\ANGEL-3.0.1\CODE\ANGEL\DEBUG\CONSOLE.OBJ
C:\USERS\MALIUS ARTH\DOCUMENTS\FH TECHNIKUM\5. SEMESTER\GAME DEVELOPMENT\ANGEL-3.0.1\CODE\ANGEL\DEBUG\CONTROLLER.OBJ
C:\USERS\MALIUS ARTH\DOCUMENTS\FH TECHNIKUM\5. SEMESTER\GAME DEVELOPMENT\ANGEL-3.0.1\CODE\ANGEL\DEBUG\DRAWUTIL.OBJ
C:\USERS\MALIUS ARTH\DOCUMENTS\FH TECHNIKUM\5. SEMESTER\GAME DEVELOPMENT\ANGEL-3.0.1\CODE\ANGEL\DEBUG\FILEUTIL.OBJ
C:\USERS\MALIUS ARTH\DOCUMENTS\FH TECHNIKUM\5. SEMESTER\GAME DEVELOPMENT\ANGEL-3.0.1\CODE\ANGEL\DEBUG\FULLSCREENACTOR.OBJ
C:\USERS\MALIUS ARTH\DOCUMENTS\FH TECHNIKUM\5. SEMESTER\GAME DEVELOPMENT\ANGEL-3.0.1\CODE\ANGEL\DEBUG\GAMEMANAGER.OBJ
C:\USERS\MALIUS ARTH\DOCUMENTS\FH TECHNIKUM\5. SEMESTER\GAME DEVELOPMENT\ANGEL-3.0.1\CODE\ANGEL\DEBUG\GOTOAIEVENT.OBJ
C:\USERS\MALIUS ARTH\DOCUMENTS\FH TECHNIKUM\5. SEMESTER\GAME DEVELOPMENT\ANGEL-3.0.1\CODE\ANGEL\DEBUG\GOTOTARGETAIEVENT.OBJ
C:\USERS\MALIUS ARTH\DOCUMENTS\FH TECHNIKUM\5. SEMESTER\GAME DEVELOPMENT\ANGEL-3.0.1\CODE\ANGEL\DEBUG\GRIDACTOR.OBJ
C:\USERS\MALIUS ARTH\DOCUMENTS\FH TECHNIKUM\5. SEMESTER\GAME DEVELOPMENT\ANGEL-3.0.1\CODE\ANGEL\DEBUG\HUDACTOR.OBJ
C:\USERS\MALIUS ARTH\DOCUMENTS\FH TECHNIKUM\5. SEMESTER\GAME DEVELOPMENT\ANGEL-3.0.1\CODE\ANGEL\DEBUG\INPUT.OBJ
C:\USERS\MALIUS ARTH\DOCUMENTS\FH TECHNIKUM\5. SEMESTER\GAME DEVELOPMENT\ANGEL-3.0.1\CODE\ANGEL\DEBUG\INPUTMANAGER.OBJ
C:\USERS\MALIUS ARTH\DOCUMENTS\FH TECHNIKUM\5. SEMESTER\GAME DEVELOPMENT\ANGEL-3.0.1\CODE\ANGEL\DEBUG\LOG.OBJ
C:\USERS\MALIUS ARTH\DOCUMENTS\FH TECHNIKUM\5. SEMESTER\GAME DEVELOPMENT\ANGEL-3.0.1\CODE\ANGEL\DEBUG\LUACONSOLE.OBJ
C:\USERS\MALIUS ARTH\DOCUMENTS\FH TECHNIKUM\5. SEMESTER\GAME DEVELOPMENT\ANGEL-3.0.1\CODE\ANGEL\DEBUG\LUAMODULE.OBJ
C:\USERS\MALIUS ARTH\DOCUMENTS\FH TECHNIKUM\5. SEMESTER\GAME DEVELOPMENT\ANGEL-3.0.1\CODE\ANGEL\DEBUG\MATHUTIL.OBJ
C:\USERS\MALIUS ARTH\DOCUMENTS\FH TECHNIKUM\5. SEMESTER\GAME DEVELOPMENT\ANGEL-3.0.1\CODE\ANGEL\DEBUG\MESSAGE.OBJ
C:\USERS\MALIUS ARTH\DOCUMENTS\FH TECHNIKUM\5. SEMESTER\GAME DEVELOPMENT\ANGEL-3.0.1\CODE\ANGEL\DEBUG\MOBILESIMULATOR.OBJ
C:\USERS\MALIUS ARTH\DOCUMENTS\FH TECHNIKUM\5. SEMESTER\GAME DEVELOPMENT\ANGEL-3.0.1\CODE\ANGEL\DEBUG\MOUSEINPUT.OBJ
C:\USERS\MALIUS ARTH\DOCUMENTS\FH TECHNIKUM\5. SEMESTER\GAME DEVELOPMENT\ANGEL-3.0.1\CODE\ANGEL\DEBUG\MULTITOUCH.OBJ
C:\USERS\MALIUS ARTH\DOCUMENTS\FH TECHNIKUM\5. SEMESTER\GAME DEVELOPMENT\ANGEL-3.0.1\CODE\ANGEL\DEBUG\NAMEDEVENTAIEVENT.OBJ
C:\USERS\MALIUS ARTH\DOCUMENTS\FH TECHNIKUM\5. SEMESTER\GAME DEVELOPMENT\ANGEL-3.0.1\CODE\ANGEL\DEBUG\PARTICLEACTOR.OBJ
C:\USERS\MALIUS ARTH\DOCUMENTS\FH TECHNIKUM\5. SEMESTER\GAME DEVELOPMENT\ANGEL-3.0.1\CODE\ANGEL\DEBUG\PATHFINDER.OBJ
C:\USERS\MALIUS ARTH\DOCUMENTS\FH TECHNIKUM\5. SEMESTER\GAME DEVELOPMENT\ANGEL-3.0.1\CODE\ANGEL\DEBUG\PHYSICSACTOR.OBJ
C:\USERS\MALIUS ARTH\DOCUMENTS\FH TECHNIKUM\5. SEMESTER\GAME DEVELOPMENT\ANGEL-3.0.1\CODE\ANGEL\DEBUG\PREFERENCES.OBJ
C:\USERS\MALIUS ARTH\DOCUMENTS\FH TECHNIKUM\5. SEMESTER\GAME DEVELOPMENT\ANGEL-3.0.1\CODE\ANGEL\DEBUG\RAY2.OBJ
C:\USERS\MALIUS ARTH\DOCUMENTS\FH TECHNIKUM\5. SEMESTER\GAME DEVELOPMENT\ANGEL-3.0.1\CODE\ANGEL\DEBUG\RENDERABLEITERATOR.OBJ
C:\USERS\MALIUS ARTH\DOCUMENTS\FH TECHNIKUM\5. SEMESTER\GAME DEVELOPMENT\ANGEL-3.0.1\CODE\ANGEL\DEBUG\SENTIENT.OBJ
C:\USERS\MALIUS ARTH\DOCUMENTS\FH TECHNIKUM\5. SEMESTER\GAME DEVELOPMENT\ANGEL-3.0.1\CODE\ANGEL\DEBUG\SOUNDDEVICE.OBJ
C:\USERS\MALIUS ARTH\DOCUMENTS\FH TECHNIKUM\5. SEMESTER\GAME DEVELOPMENT\ANGEL-3.0.1\CODE\ANGEL\DEBUG\SPATIALGRAPH.OBJ
C:\USERS\MALIUS ARTH\DOCUMENTS\FH TECHNIKUM\5. SEMESTER\GAME DEVELOPMENT\ANGEL-3.0.1\CODE\ANGEL\DEBUG\STDAFX.OBJ
C:\USERS\MALIUS ARTH\DOCUMENTS\FH TECHNIKUM\5. SEMESTER\GAME DEVELOPMENT\ANGEL-3.0.1\CODE\ANGEL\DEBUG\STRINGUTIL.OBJ
C:\USERS\MALIUS ARTH\DOCUMENTS\FH TECHNIKUM\5. SEMESTER\GAME DEVELOPMENT\ANGEL-3.0.1\CODE\ANGEL\DEBUG\SWITCHBOARD.OBJ
C:\USERS\MALIUS ARTH\DOCUMENTS\FH TECHNIKUM\5. SEMESTER\GAME DEVELOPMENT\ANGEL-3.0.1\CODE\ANGEL\DEBUG\TAGCOLLECTION.OBJ
C:\USERS\MALIUS ARTH\DOCUMENTS\FH TECHNIKUM\5. SEMESTER\GAME DEVELOPMENT\ANGEL-3.0.1\CODE\ANGEL\DEBUG\TEXTACTOR.OBJ
C:\USERS\MALIUS ARTH\DOCUMENTS\FH TECHNIKUM\5. SEMESTER\GAME DEVELOPMENT\ANGEL-3.0.1\CODE\ANGEL\DEBUG\TEXTRENDERING.OBJ
C:\USERS\MALIUS ARTH\DOCUMENTS\FH TECHNIKUM\5. SEMESTER\GAME DEVELOPMENT\ANGEL-3.0.1\CODE\ANGEL\DEBUG\TEXTURES.OBJ
C:\USERS\MALIUS ARTH\DOCUMENTS\FH TECHNIKUM\5. SEMESTER\GAME DEVELOPMENT\ANGEL-3.0.1\CODE\ANGEL\DEBUG\TIMERAIEVENT.OBJ
C:\USERS\MALIUS ARTH\DOCUMENTS\FH TECHNIKUM\5. SEMESTER\GAME DEVELOPMENT\ANGEL-3.0.1\CODE\ANGEL\DEBUG\TRAVERSAL.OBJ
C:\USERS\MALIUS ARTH\DOCUMENTS\FH TECHNIKUM\5. SEMESTER\GAME DEVELOPMENT\ANGEL-3.0.1\CODE\ANGEL\DEBUG\TRAVERSALAIEVENT.OBJ
C:\USERS\MALIUS ARTH\DOCUMENTS\FH TECHNIKUM\5. SEMESTER\GAME DEVELOPMENT\ANGEL-3.0.1\CODE\ANGEL\DEBUG\TUNINGVARIABLE.OBJ
C:\USERS\MALIUS ARTH\DOCUMENTS\FH TECHNIKUM\5. SEMESTER\GAME DEVELOPMENT\ANGEL-3.0.1\CODE\ANGEL\DEBUG\VC100.PDB
C:\USERS\MALIUS ARTH\DOCUMENTS\FH TECHNIKUM\5. SEMESTER\GAME DEVELOPMENT\ANGEL-3.0.1\CODE\ANGEL\DEBUG\VECTOR2.OBJ
C:\USERS\MALIUS ARTH\DOCUMENTS\FH TECHNIKUM\5. SEMESTER\GAME DEVELOPMENT\ANGEL-3.0.1\CODE\ANGEL\DEBUG\VECTOR3.OBJ
C:\USERS\MALIUS ARTH\DOCUMENTS\FH TECHNIKUM\5. SEMESTER\GAME DEVELOPMENT\ANGEL-3.0.1\CODE\ANGEL\DEBUG\WORLD.OBJ
