C:\USERS\MALIUS ARTH\DOCUMENTS\FH TECHNIKUM\5. SEMESTER\GAME DEVELOPMENT\ANGEL-3.0.1\CODE\ANGEL\LIBRARIES\FREETYPE-2.4.8\OBJS\DEBUG\AUTOFIT.OBJ
C:\USERS\MALIUS ARTH\DOCUMENTS\FH TECHNIKUM\5. SEMESTER\GAME DEVELOPMENT\ANGEL-3.0.1\CODE\ANGEL\LIBRARIES\FREETYPE-2.4.8\OBJS\DEBUG\BDF.OBJ
C:\USERS\MALIUS ARTH\DOCUMENTS\FH TECHNIKUM\5. SEMESTER\GAME DEVELOPMENT\ANGEL-3.0.1\CODE\ANGEL\LIBRARIES\FREETYPE-2.4.8\OBJS\DEBUG\CFF.OBJ
C:\Users\Malius Arth\Documents\FH Technikum\5. Semester\Game Development\Angel-3.0.1\Code\Angel\Libraries\freetype-2.4.8\objs\debug\cl.command.1.tlog
C:\Users\Malius Arth\Documents\FH Technikum\5. Semester\Game Development\Angel-3.0.1\Code\Angel\Libraries\freetype-2.4.8\objs\debug\CL.read.1.tlog
C:\Users\Malius Arth\Documents\FH Technikum\5. Semester\Game Development\Angel-3.0.1\Code\Angel\Libraries\freetype-2.4.8\objs\debug\CL.write.1.tlog
C:\USERS\MALIUS ARTH\DOCUMENTS\FH TECHNIKUM\5. SEMESTER\GAME DEVELOPMENT\ANGEL-3.0.1\CODE\ANGEL\LIBRARIES\FREETYPE-2.4.8\OBJS\DEBUG\FTBASE.OBJ
C:\USERS\MALIUS ARTH\DOCUMENTS\FH TECHNIKUM\5. SEMESTER\GAME DEVELOPMENT\ANGEL-3.0.1\CODE\ANGEL\LIBRARIES\FREETYPE-2.4.8\OBJS\DEBUG\FTBBOX.OBJ
C:\USERS\MALIUS ARTH\DOCUMENTS\FH TECHNIKUM\5. SEMESTER\GAME DEVELOPMENT\ANGEL-3.0.1\CODE\ANGEL\LIBRARIES\FREETYPE-2.4.8\OBJS\DEBUG\FTBITMAP.OBJ
C:\USERS\MALIUS ARTH\DOCUMENTS\FH TECHNIKUM\5. SEMESTER\GAME DEVELOPMENT\ANGEL-3.0.1\CODE\ANGEL\LIBRARIES\FREETYPE-2.4.8\OBJS\DEBUG\FTCACHE.OBJ
C:\USERS\MALIUS ARTH\DOCUMENTS\FH TECHNIKUM\5. SEMESTER\GAME DEVELOPMENT\ANGEL-3.0.1\CODE\ANGEL\LIBRARIES\FREETYPE-2.4.8\OBJS\DEBUG\FTDEBUG.OBJ
C:\USERS\MALIUS ARTH\DOCUMENTS\FH TECHNIKUM\5. SEMESTER\GAME DEVELOPMENT\ANGEL-3.0.1\CODE\ANGEL\LIBRARIES\FREETYPE-2.4.8\OBJS\DEBUG\FTFSTYPE.OBJ
C:\USERS\MALIUS ARTH\DOCUMENTS\FH TECHNIKUM\5. SEMESTER\GAME DEVELOPMENT\ANGEL-3.0.1\CODE\ANGEL\LIBRARIES\FREETYPE-2.4.8\OBJS\DEBUG\FTGASP.OBJ
C:\USERS\MALIUS ARTH\DOCUMENTS\FH TECHNIKUM\5. SEMESTER\GAME DEVELOPMENT\ANGEL-3.0.1\CODE\ANGEL\LIBRARIES\FREETYPE-2.4.8\OBJS\DEBUG\FTGLYPH.OBJ
C:\USERS\MALIUS ARTH\DOCUMENTS\FH TECHNIKUM\5. SEMESTER\GAME DEVELOPMENT\ANGEL-3.0.1\CODE\ANGEL\LIBRARIES\FREETYPE-2.4.8\OBJS\DEBUG\FTGXVAL.OBJ
C:\USERS\MALIUS ARTH\DOCUMENTS\FH TECHNIKUM\5. SEMESTER\GAME DEVELOPMENT\ANGEL-3.0.1\CODE\ANGEL\LIBRARIES\FREETYPE-2.4.8\OBJS\DEBUG\FTGZIP.OBJ
C:\USERS\MALIUS ARTH\DOCUMENTS\FH TECHNIKUM\5. SEMESTER\GAME DEVELOPMENT\ANGEL-3.0.1\CODE\ANGEL\LIBRARIES\FREETYPE-2.4.8\OBJS\DEBUG\FTINIT.OBJ
C:\USERS\MALIUS ARTH\DOCUMENTS\FH TECHNIKUM\5. SEMESTER\GAME DEVELOPMENT\ANGEL-3.0.1\CODE\ANGEL\LIBRARIES\FREETYPE-2.4.8\OBJS\DEBUG\FTLCDFIL.OBJ
C:\USERS\MALIUS ARTH\DOCUMENTS\FH TECHNIKUM\5. SEMESTER\GAME DEVELOPMENT\ANGEL-3.0.1\CODE\ANGEL\LIBRARIES\FREETYPE-2.4.8\OBJS\DEBUG\FTLZW.OBJ
C:\USERS\MALIUS ARTH\DOCUMENTS\FH TECHNIKUM\5. SEMESTER\GAME DEVELOPMENT\ANGEL-3.0.1\CODE\ANGEL\LIBRARIES\FREETYPE-2.4.8\OBJS\DEBUG\FTMM.OBJ
C:\USERS\MALIUS ARTH\DOCUMENTS\FH TECHNIKUM\5. SEMESTER\GAME DEVELOPMENT\ANGEL-3.0.1\CODE\ANGEL\LIBRARIES\FREETYPE-2.4.8\OBJS\DEBUG\FTOTVAL.OBJ
C:\USERS\MALIUS ARTH\DOCUMENTS\FH TECHNIKUM\5. SEMESTER\GAME DEVELOPMENT\ANGEL-3.0.1\CODE\ANGEL\LIBRARIES\FREETYPE-2.4.8\OBJS\DEBUG\FTPATENT.OBJ
C:\USERS\MALIUS ARTH\DOCUMENTS\FH TECHNIKUM\5. SEMESTER\GAME DEVELOPMENT\ANGEL-3.0.1\CODE\ANGEL\LIBRARIES\FREETYPE-2.4.8\OBJS\DEBUG\FTPFR.OBJ
C:\USERS\MALIUS ARTH\DOCUMENTS\FH TECHNIKUM\5. SEMESTER\GAME DEVELOPMENT\ANGEL-3.0.1\CODE\ANGEL\LIBRARIES\FREETYPE-2.4.8\OBJS\DEBUG\FTSTROKE.OBJ
C:\USERS\MALIUS ARTH\DOCUMENTS\FH TECHNIKUM\5. SEMESTER\GAME DEVELOPMENT\ANGEL-3.0.1\CODE\ANGEL\LIBRARIES\FREETYPE-2.4.8\OBJS\DEBUG\FTSYNTH.OBJ
C:\USERS\MALIUS ARTH\DOCUMENTS\FH TECHNIKUM\5. SEMESTER\GAME DEVELOPMENT\ANGEL-3.0.1\CODE\ANGEL\LIBRARIES\FREETYPE-2.4.8\OBJS\DEBUG\FTSYSTEM.OBJ
C:\USERS\MALIUS ARTH\DOCUMENTS\FH TECHNIKUM\5. SEMESTER\GAME DEVELOPMENT\ANGEL-3.0.1\CODE\ANGEL\LIBRARIES\FREETYPE-2.4.8\OBJS\DEBUG\FTTYPE1.OBJ
C:\USERS\MALIUS ARTH\DOCUMENTS\FH TECHNIKUM\5. SEMESTER\GAME DEVELOPMENT\ANGEL-3.0.1\CODE\ANGEL\LIBRARIES\FREETYPE-2.4.8\OBJS\DEBUG\FTWINFNT.OBJ
C:\USERS\MALIUS ARTH\DOCUMENTS\FH TECHNIKUM\5. SEMESTER\GAME DEVELOPMENT\ANGEL-3.0.1\CODE\ANGEL\LIBRARIES\FREETYPE-2.4.8\OBJS\DEBUG\FTXF86.OBJ
C:\Users\Malius Arth\Documents\FH Technikum\5. Semester\Game Development\Angel-3.0.1\Code\Angel\Libraries\freetype-2.4.8\objs\debug\lib.command.1.tlog
C:\Users\Malius Arth\Documents\FH Technikum\5. Semester\Game Development\Angel-3.0.1\Code\Angel\Libraries\freetype-2.4.8\objs\debug\Lib-link.read.1.tlog
C:\Users\Malius Arth\Documents\FH Technikum\5. Semester\Game Development\Angel-3.0.1\Code\Angel\Libraries\freetype-2.4.8\objs\debug\Lib-link.write.1.tlog
C:\USERS\MALIUS ARTH\DOCUMENTS\FH TECHNIKUM\5. SEMESTER\GAME DEVELOPMENT\ANGEL-3.0.1\CODE\ANGEL\LIBRARIES\FREETYPE-2.4.8\OBJS\DEBUG\PCF.OBJ
C:\USERS\MALIUS ARTH\DOCUMENTS\FH TECHNIKUM\5. SEMESTER\GAME DEVELOPMENT\ANGEL-3.0.1\CODE\ANGEL\LIBRARIES\FREETYPE-2.4.8\OBJS\DEBUG\PFR.OBJ
C:\USERS\MALIUS ARTH\DOCUMENTS\FH TECHNIKUM\5. SEMESTER\GAME DEVELOPMENT\ANGEL-3.0.1\CODE\ANGEL\LIBRARIES\FREETYPE-2.4.8\OBJS\DEBUG\PSAUX.OBJ
C:\USERS\MALIUS ARTH\DOCUMENTS\FH TECHNIKUM\5. SEMESTER\GAME DEVELOPMENT\ANGEL-3.0.1\CODE\ANGEL\LIBRARIES\FREETYPE-2.4.8\OBJS\DEBUG\PSHINTER.OBJ
C:\USERS\MALIUS ARTH\DOCUMENTS\FH TECHNIKUM\5. SEMESTER\GAME DEVELOPMENT\ANGEL-3.0.1\CODE\ANGEL\LIBRARIES\FREETYPE-2.4.8\OBJS\DEBUG\PSMODULE.OBJ
C:\USERS\MALIUS ARTH\DOCUMENTS\FH TECHNIKUM\5. SEMESTER\GAME DEVELOPMENT\ANGEL-3.0.1\CODE\ANGEL\LIBRARIES\FREETYPE-2.4.8\OBJS\DEBUG\RASTER.OBJ
C:\USERS\MALIUS ARTH\DOCUMENTS\FH TECHNIKUM\5. SEMESTER\GAME DEVELOPMENT\ANGEL-3.0.1\CODE\ANGEL\LIBRARIES\FREETYPE-2.4.8\OBJS\DEBUG\SFNT.OBJ
C:\USERS\MALIUS ARTH\DOCUMENTS\FH TECHNIKUM\5. SEMESTER\GAME DEVELOPMENT\ANGEL-3.0.1\CODE\ANGEL\LIBRARIES\FREETYPE-2.4.8\OBJS\DEBUG\SMOOTH.OBJ
C:\USERS\MALIUS ARTH\DOCUMENTS\FH TECHNIKUM\5. SEMESTER\GAME DEVELOPMENT\ANGEL-3.0.1\CODE\ANGEL\LIBRARIES\FREETYPE-2.4.8\OBJS\DEBUG\TRUETYPE.OBJ
C:\USERS\MALIUS ARTH\DOCUMENTS\FH TECHNIKUM\5. SEMESTER\GAME DEVELOPMENT\ANGEL-3.0.1\CODE\ANGEL\LIBRARIES\FREETYPE-2.4.8\OBJS\DEBUG\TYPE1.OBJ
C:\USERS\MALIUS ARTH\DOCUMENTS\FH TECHNIKUM\5. SEMESTER\GAME DEVELOPMENT\ANGEL-3.0.1\CODE\ANGEL\LIBRARIES\FREETYPE-2.4.8\OBJS\DEBUG\TYPE1CID.OBJ
C:\USERS\MALIUS ARTH\DOCUMENTS\FH TECHNIKUM\5. SEMESTER\GAME DEVELOPMENT\ANGEL-3.0.1\CODE\ANGEL\LIBRARIES\FREETYPE-2.4.8\OBJS\DEBUG\TYPE42.OBJ
C:\USERS\MALIUS ARTH\DOCUMENTS\FH TECHNIKUM\5. SEMESTER\GAME DEVELOPMENT\ANGEL-3.0.1\CODE\ANGEL\LIBRARIES\FREETYPE-2.4.8\OBJS\DEBUG\VC100.PDB
C:\USERS\MALIUS ARTH\DOCUMENTS\FH TECHNIKUM\5. SEMESTER\GAME DEVELOPMENT\ANGEL-3.0.1\CODE\ANGEL\LIBRARIES\FREETYPE-2.4.8\OBJS\DEBUG\WINFNT.OBJ
C:\USERS\MALIUS ARTH\DOCUMENTS\FH TECHNIKUM\5. SEMESTER\GAME DEVELOPMENT\ANGEL-3.0.1\CODE\ANGEL\LIBRARIES\FREETYPE-2.4.8\OBJS\FREETYPE248_D.LIB
