Build started 31.10.2012 15:29:31.
     1>Project "C:\PixelArth\Angel-3.0.1\Code\Angel\Libraries\freetype-2.4.8\builds\win32\vc2008\freetype.vcxproj" on node 3 (rebuild target(s)).
     1>_PrepareForClean:
         Deleting file ".\..\..\..\objs\debug\_freetype.lastbuildstate".
       InitializeBuildStatus:
         Creating ".\..\..\..\objs\debug\_freetype.unsuccessfulbuild" because "AlwaysCreate" was specified.
       ClCompile:
         C:\Program Files (x86)\Microsoft Visual Studio 10.0\VC\bin\CL.exe /c /I..\..\..\include /Zi /nologo /W0 /WX- /Od /Oy- /D _DEBUG /D WIN32 /D _LIB /D _CRT_SECURE_NO_WARNINGS /D FT_DEBUG_LEVEL_ERROR /D FT_DEBUG_LEVEL_TRACE /D FT2_BUILD_LIBRARY /D _VC80_UPGRADE=0x0710 /D _MBCS /Gm- /EHsc /RTC1 /MDd /GS /fp:precise /Za /Zc:wchar_t /Zc:forScope /Fo".\..\..\..\objs\debug/" /Fd".\..\..\..\objs\debug/vc100.pdb" /Gd /TC /analyze- /errorReport:prompt ..\..\..\src\autofit\autofit.c ..\..\..\src\bdf\bdf.c ..\..\..\src\cff\cff.c ..\..\..\src\base\ftbase.c ..\..\..\src\base\ftbitmap.c ..\..\..\src\cache\ftcache.c ..\..\..\src\base\ftfstype.c ..\..\..\src\base\ftgasp.c ..\..\..\src\base\ftglyph.c ..\..\..\src\gzip\ftgzip.c ..\..\..\src\base\ftinit.c ..\..\..\src\lzw\ftlzw.c ..\..\..\src\base\ftstroke.c ..\..\..\src\base\ftsystem.c ..\..\..\src\smooth\smooth.c ..\..\..\src\base\ftbbox.c ..\..\..\src\base\ftmm.c ..\..\..\src\base\ftpfr.c ..\..\..\src\base\ftsynth.c ..\..\..\src\base\fttype1.c ..\..\..\src\base\ftwinfnt.c ..\..\..\src\base\ftxf86.c ..\..\..\src\base\ftlcdfil.c ..\..\..\src\base\ftgxval.c ..\..\..\src\base\ftotval.c ..\..\..\src\base\ftpatent.c ..\..\..\src\pcf\pcf.c ..\..\..\src\pfr\pfr.c ..\..\..\src\psaux\psaux.c ..\..\..\src\pshinter\pshinter.c ..\..\..\src\psnames\psmodule.c ..\..\..\src\raster\raster.c ..\..\..\src\sfnt\sfnt.c ..\..\..\src\truetype\truetype.c ..\..\..\src\type1\type1.c ..\..\..\src\cid\type1cid.c ..\..\..\src\type42\type42.c ..\..\..\src\winfonts\winfnt.c
         autofit.c
         bdf.c
         cff.c
         ftbase.c
         ftbitmap.c
         ftcache.c
         ftfstype.c
         ftgasp.c
         ftglyph.c
         ftgzip.c
         ftinit.c
         ftlzw.c
         ftstroke.c
         ftsystem.c
         smooth.c
         ftbbox.c
         ftmm.c
         ftpfr.c
         ftsynth.c
         fttype1.c
         Generating Code...
         Compiling...
         ftwinfnt.c
         ftxf86.c
         ftlcdfil.c
         ftgxval.c
         ftotval.c
         ftpatent.c
         pcf.c
         pfr.c
         psaux.c
         pshinter.c
         psmodule.c
         raster.c
         sfnt.c
         truetype.c
         type1.c
         type1cid.c
         type42.c
         winfnt.c
         Generating Code...
         C:\Program Files (x86)\Microsoft Visual Studio 10.0\VC\bin\CL.exe /c /I..\..\..\include /Zi /nologo /W0 /WX- /Od /Oy- /D _DEBUG /D WIN32 /D _LIB /D _CRT_SECURE_NO_WARNINGS /D FT_DEBUG_LEVEL_ERROR /D FT_DEBUG_LEVEL_TRACE /D FT2_BUILD_LIBRARY /D _VC80_UPGRADE=0x0710 /D _MBCS /Gm- /EHsc /RTC1 /MDd /GS /fp:precise /Zc:wchar_t /Zc:forScope /Fo".\..\..\..\objs\debug/" /Fd".\..\..\..\objs\debug/vc100.pdb" /Gd /TC /analyze- /errorReport:prompt ..\ftdebug.c
         ftdebug.c
     1>C:\Program Files (x86)\MSBuild\Microsoft.Cpp\v4.0\Microsoft.CppBuild.targets(1151,5): warning MSB8012: TargetPath(C:\PixelArth\Angel-3.0.1\Code\Angel\Libraries\freetype-2.4.8\builds\win32\vc2008\.\..\..\..\objs\debug\_freetype.lib) does not match the Library's OutputFile property value (C:\PixelArth\Angel-3.0.1\Code\Angel\Libraries\freetype-2.4.8\objs\freetype248_D.lib). This may cause your project to build incorrectly. To correct this, please make sure that $(OutDir), $(TargetName) and $(TargetExt) property values match the value specified in %(Lib.OutputFile).
     1>C:\Program Files (x86)\MSBuild\Microsoft.Cpp\v4.0\Microsoft.CppBuild.targets(1153,5): warning MSB8012: TargetName(_freetype) does not match the Library's OutputFile property value (freetype248_D). This may cause your project to build incorrectly. To correct this, please make sure that $(OutDir), $(TargetName) and $(TargetExt) property values match the value specified in %(Lib.OutputFile).
       Lib:
         C:\Program Files (x86)\Microsoft Visual Studio 10.0\VC\bin\Lib.exe /OUT:"..\..\..\objs\freetype248_D.lib" /NOLOGO .\..\..\..\objs\debug/autofit.obj
         .\..\..\..\objs\debug/bdf.obj
         .\..\..\..\objs\debug/cff.obj
         .\..\..\..\objs\debug/ftbase.obj
         .\..\..\..\objs\debug/ftbitmap.obj
         .\..\..\..\objs\debug/ftcache.obj
         .\..\..\..\objs\debug/ftdebug.obj
         .\..\..\..\objs\debug/ftfstype.obj
         .\..\..\..\objs\debug/ftgasp.obj
         .\..\..\..\objs\debug/ftglyph.obj
         .\..\..\..\objs\debug/ftgzip.obj
         .\..\..\..\objs\debug/ftinit.obj
         .\..\..\..\objs\debug/ftlzw.obj
         .\..\..\..\objs\debug/ftstroke.obj
         .\..\..\..\objs\debug/ftsystem.obj
         .\..\..\..\objs\debug/smooth.obj
         .\..\..\..\objs\debug/ftbbox.obj
         .\..\..\..\objs\debug/ftmm.obj
         .\..\..\..\objs\debug/ftpfr.obj
         .\..\..\..\objs\debug/ftsynth.obj
         .\..\..\..\objs\debug/fttype1.obj
         .\..\..\..\objs\debug/ftwinfnt.obj
         .\..\..\..\objs\debug/ftxf86.obj
         .\..\..\..\objs\debug/ftlcdfil.obj
         .\..\..\..\objs\debug/ftgxval.obj
         .\..\..\..\objs\debug/ftotval.obj
         .\..\..\..\objs\debug/ftpatent.obj
         .\..\..\..\objs\debug/pcf.obj
         .\..\..\..\objs\debug/pfr.obj
         .\..\..\..\objs\debug/psaux.obj
         .\..\..\..\objs\debug/pshinter.obj
         .\..\..\..\objs\debug/psmodule.obj
         .\..\..\..\objs\debug/raster.obj
         .\..\..\..\objs\debug/sfnt.obj
         .\..\..\..\objs\debug/truetype.obj
         .\..\..\..\objs\debug/type1.obj
         .\..\..\..\objs\debug/type1cid.obj
         .\..\..\..\objs\debug/type42.obj
         .\..\..\..\objs\debug/winfnt.obj
         freetype.vcxproj -> C:\PixelArth\Angel-3.0.1\Code\Angel\Libraries\freetype-2.4.8\builds\win32\vc2008\.\..\..\..\objs\debug\_freetype.lib
       FinalizeBuildStatus:
         Deleting file ".\..\..\..\objs\debug\_freetype.unsuccessfulbuild".
         Touching ".\..\..\..\objs\debug\_freetype.lastbuildstate".
     1>Done Building Project "C:\PixelArth\Angel-3.0.1\Code\Angel\Libraries\freetype-2.4.8\builds\win32\vc2008\freetype.vcxproj" (rebuild target(s)).

Build succeeded.

Time Elapsed 00:00:14.78
