C:\USERS\MALIUS ARTH\DOCUMENTS\FH TECHNIKUM\5. SEMESTER\GAME DEVELOPMENT\ANGEL-3.0.1\CODE\ANGEL\LIBRARIES\LUA-5.1.5\DEBUG\LUA.LIB
C:\Users\Malius Arth\Documents\FH Technikum\5. Semester\Game Development\Angel-3.0.1\Code\Angel\Libraries\lua-5.1.5\DebugLibBuild\cl.command.1.tlog
C:\Users\Malius Arth\Documents\FH Technikum\5. Semester\Game Development\Angel-3.0.1\Code\Angel\Libraries\lua-5.1.5\DebugLibBuild\CL.read.1.tlog
C:\Users\Malius Arth\Documents\FH Technikum\5. Semester\Game Development\Angel-3.0.1\Code\Angel\Libraries\lua-5.1.5\DebugLibBuild\CL.write.1.tlog
C:\USERS\MALIUS ARTH\DOCUMENTS\FH TECHNIKUM\5. SEMESTER\GAME DEVELOPMENT\ANGEL-3.0.1\CODE\ANGEL\LIBRARIES\LUA-5.1.5\DEBUGLIBBUILD\DIRENT.OBJ
C:\USERS\MALIUS ARTH\DOCUMENTS\FH TECHNIKUM\5. SEMESTER\GAME DEVELOPMENT\ANGEL-3.0.1\CODE\ANGEL\LIBRARIES\LUA-5.1.5\DEBUGLIBBUILD\EX.OBJ
C:\USERS\MALIUS ARTH\DOCUMENTS\FH TECHNIKUM\5. SEMESTER\GAME DEVELOPMENT\ANGEL-3.0.1\CODE\ANGEL\LIBRARIES\LUA-5.1.5\DEBUGLIBBUILD\LAPI.OBJ
C:\USERS\MALIUS ARTH\DOCUMENTS\FH TECHNIKUM\5. SEMESTER\GAME DEVELOPMENT\ANGEL-3.0.1\CODE\ANGEL\LIBRARIES\LUA-5.1.5\DEBUGLIBBUILD\LAUXLIB.OBJ
C:\USERS\MALIUS ARTH\DOCUMENTS\FH TECHNIKUM\5. SEMESTER\GAME DEVELOPMENT\ANGEL-3.0.1\CODE\ANGEL\LIBRARIES\LUA-5.1.5\DEBUGLIBBUILD\LBASELIB.OBJ
C:\USERS\MALIUS ARTH\DOCUMENTS\FH TECHNIKUM\5. SEMESTER\GAME DEVELOPMENT\ANGEL-3.0.1\CODE\ANGEL\LIBRARIES\LUA-5.1.5\DEBUGLIBBUILD\LCODE.OBJ
C:\USERS\MALIUS ARTH\DOCUMENTS\FH TECHNIKUM\5. SEMESTER\GAME DEVELOPMENT\ANGEL-3.0.1\CODE\ANGEL\LIBRARIES\LUA-5.1.5\DEBUGLIBBUILD\LDBLIB.OBJ
C:\USERS\MALIUS ARTH\DOCUMENTS\FH TECHNIKUM\5. SEMESTER\GAME DEVELOPMENT\ANGEL-3.0.1\CODE\ANGEL\LIBRARIES\LUA-5.1.5\DEBUGLIBBUILD\LDEBUG.OBJ
C:\USERS\MALIUS ARTH\DOCUMENTS\FH TECHNIKUM\5. SEMESTER\GAME DEVELOPMENT\ANGEL-3.0.1\CODE\ANGEL\LIBRARIES\LUA-5.1.5\DEBUGLIBBUILD\LDO.OBJ
C:\USERS\MALIUS ARTH\DOCUMENTS\FH TECHNIKUM\5. SEMESTER\GAME DEVELOPMENT\ANGEL-3.0.1\CODE\ANGEL\LIBRARIES\LUA-5.1.5\DEBUGLIBBUILD\LDUMP.OBJ
C:\USERS\MALIUS ARTH\DOCUMENTS\FH TECHNIKUM\5. SEMESTER\GAME DEVELOPMENT\ANGEL-3.0.1\CODE\ANGEL\LIBRARIES\LUA-5.1.5\DEBUGLIBBUILD\LFS.OBJ
C:\USERS\MALIUS ARTH\DOCUMENTS\FH TECHNIKUM\5. SEMESTER\GAME DEVELOPMENT\ANGEL-3.0.1\CODE\ANGEL\LIBRARIES\LUA-5.1.5\DEBUGLIBBUILD\LFUNC.OBJ
C:\USERS\MALIUS ARTH\DOCUMENTS\FH TECHNIKUM\5. SEMESTER\GAME DEVELOPMENT\ANGEL-3.0.1\CODE\ANGEL\LIBRARIES\LUA-5.1.5\DEBUGLIBBUILD\LGC.OBJ
C:\Users\Malius Arth\Documents\FH Technikum\5. Semester\Game Development\Angel-3.0.1\Code\Angel\Libraries\lua-5.1.5\DebugLibBuild\lib.command.1.tlog
C:\Users\Malius Arth\Documents\FH Technikum\5. Semester\Game Development\Angel-3.0.1\Code\Angel\Libraries\lua-5.1.5\DebugLibBuild\Lib-link.read.1.tlog
C:\Users\Malius Arth\Documents\FH Technikum\5. Semester\Game Development\Angel-3.0.1\Code\Angel\Libraries\lua-5.1.5\DebugLibBuild\Lib-link.write.1.tlog
C:\USERS\MALIUS ARTH\DOCUMENTS\FH TECHNIKUM\5. SEMESTER\GAME DEVELOPMENT\ANGEL-3.0.1\CODE\ANGEL\LIBRARIES\LUA-5.1.5\DEBUGLIBBUILD\LINIT.OBJ
C:\USERS\MALIUS ARTH\DOCUMENTS\FH TECHNIKUM\5. SEMESTER\GAME DEVELOPMENT\ANGEL-3.0.1\CODE\ANGEL\LIBRARIES\LUA-5.1.5\DEBUGLIBBUILD\LIOLIB.OBJ
C:\USERS\MALIUS ARTH\DOCUMENTS\FH TECHNIKUM\5. SEMESTER\GAME DEVELOPMENT\ANGEL-3.0.1\CODE\ANGEL\LIBRARIES\LUA-5.1.5\DEBUGLIBBUILD\LLEX.OBJ
C:\USERS\MALIUS ARTH\DOCUMENTS\FH TECHNIKUM\5. SEMESTER\GAME DEVELOPMENT\ANGEL-3.0.1\CODE\ANGEL\LIBRARIES\LUA-5.1.5\DEBUGLIBBUILD\LMATHLIB.OBJ
C:\USERS\MALIUS ARTH\DOCUMENTS\FH TECHNIKUM\5. SEMESTER\GAME DEVELOPMENT\ANGEL-3.0.1\CODE\ANGEL\LIBRARIES\LUA-5.1.5\DEBUGLIBBUILD\LMEM.OBJ
C:\USERS\MALIUS ARTH\DOCUMENTS\FH TECHNIKUM\5. SEMESTER\GAME DEVELOPMENT\ANGEL-3.0.1\CODE\ANGEL\LIBRARIES\LUA-5.1.5\DEBUGLIBBUILD\LOADLIB.OBJ
C:\USERS\MALIUS ARTH\DOCUMENTS\FH TECHNIKUM\5. SEMESTER\GAME DEVELOPMENT\ANGEL-3.0.1\CODE\ANGEL\LIBRARIES\LUA-5.1.5\DEBUGLIBBUILD\LOBJECT.OBJ
C:\USERS\MALIUS ARTH\DOCUMENTS\FH TECHNIKUM\5. SEMESTER\GAME DEVELOPMENT\ANGEL-3.0.1\CODE\ANGEL\LIBRARIES\LUA-5.1.5\DEBUGLIBBUILD\LOPCODES.OBJ
C:\USERS\MALIUS ARTH\DOCUMENTS\FH TECHNIKUM\5. SEMESTER\GAME DEVELOPMENT\ANGEL-3.0.1\CODE\ANGEL\LIBRARIES\LUA-5.1.5\DEBUGLIBBUILD\LOSLIB.OBJ
C:\USERS\MALIUS ARTH\DOCUMENTS\FH TECHNIKUM\5. SEMESTER\GAME DEVELOPMENT\ANGEL-3.0.1\CODE\ANGEL\LIBRARIES\LUA-5.1.5\DEBUGLIBBUILD\LPARSER.OBJ
C:\USERS\MALIUS ARTH\DOCUMENTS\FH TECHNIKUM\5. SEMESTER\GAME DEVELOPMENT\ANGEL-3.0.1\CODE\ANGEL\LIBRARIES\LUA-5.1.5\DEBUGLIBBUILD\LSTATE.OBJ
C:\USERS\MALIUS ARTH\DOCUMENTS\FH TECHNIKUM\5. SEMESTER\GAME DEVELOPMENT\ANGEL-3.0.1\CODE\ANGEL\LIBRARIES\LUA-5.1.5\DEBUGLIBBUILD\LSTRING.OBJ
C:\USERS\MALIUS ARTH\DOCUMENTS\FH TECHNIKUM\5. SEMESTER\GAME DEVELOPMENT\ANGEL-3.0.1\CODE\ANGEL\LIBRARIES\LUA-5.1.5\DEBUGLIBBUILD\LSTRLIB.OBJ
C:\USERS\MALIUS ARTH\DOCUMENTS\FH TECHNIKUM\5. SEMESTER\GAME DEVELOPMENT\ANGEL-3.0.1\CODE\ANGEL\LIBRARIES\LUA-5.1.5\DEBUGLIBBUILD\LTABLE.OBJ
C:\USERS\MALIUS ARTH\DOCUMENTS\FH TECHNIKUM\5. SEMESTER\GAME DEVELOPMENT\ANGEL-3.0.1\CODE\ANGEL\LIBRARIES\LUA-5.1.5\DEBUGLIBBUILD\LTABLIB.OBJ
C:\USERS\MALIUS ARTH\DOCUMENTS\FH TECHNIKUM\5. SEMESTER\GAME DEVELOPMENT\ANGEL-3.0.1\CODE\ANGEL\LIBRARIES\LUA-5.1.5\DEBUGLIBBUILD\LTM.OBJ
C:\USERS\MALIUS ARTH\DOCUMENTS\FH TECHNIKUM\5. SEMESTER\GAME DEVELOPMENT\ANGEL-3.0.1\CODE\ANGEL\LIBRARIES\LUA-5.1.5\DEBUGLIBBUILD\LUAC.OBJ
C:\USERS\MALIUS ARTH\DOCUMENTS\FH TECHNIKUM\5. SEMESTER\GAME DEVELOPMENT\ANGEL-3.0.1\CODE\ANGEL\LIBRARIES\LUA-5.1.5\DEBUGLIBBUILD\LUNDUMP.OBJ
C:\USERS\MALIUS ARTH\DOCUMENTS\FH TECHNIKUM\5. SEMESTER\GAME DEVELOPMENT\ANGEL-3.0.1\CODE\ANGEL\LIBRARIES\LUA-5.1.5\DEBUGLIBBUILD\LVM.OBJ
C:\USERS\MALIUS ARTH\DOCUMENTS\FH TECHNIKUM\5. SEMESTER\GAME DEVELOPMENT\ANGEL-3.0.1\CODE\ANGEL\LIBRARIES\LUA-5.1.5\DEBUGLIBBUILD\LZIO.OBJ
C:\USERS\MALIUS ARTH\DOCUMENTS\FH TECHNIKUM\5. SEMESTER\GAME DEVELOPMENT\ANGEL-3.0.1\CODE\ANGEL\LIBRARIES\LUA-5.1.5\DEBUGLIBBUILD\PUSHERROR.OBJ
C:\USERS\MALIUS ARTH\DOCUMENTS\FH TECHNIKUM\5. SEMESTER\GAME DEVELOPMENT\ANGEL-3.0.1\CODE\ANGEL\LIBRARIES\LUA-5.1.5\DEBUGLIBBUILD\SPAWN.OBJ
C:\Users\Malius Arth\Documents\FH Technikum\5. Semester\Game Development\Angel-3.0.1\Code\Angel\Libraries\lua-5.1.5\DebugLibBuild\vc100.idb
C:\USERS\MALIUS ARTH\DOCUMENTS\FH TECHNIKUM\5. SEMESTER\GAME DEVELOPMENT\ANGEL-3.0.1\CODE\ANGEL\LIBRARIES\LUA-5.1.5\DEBUGLIBBUILD\VC100.PDB
