C:\USERS\MALIUS ARTH\DOCUMENTS\FH TECHNIKUM\5. SEMESTER\GAME DEVELOPMENT\ANGEL-3.0.1\CODE\ANGEL\LIBRARIES\LIBVORBIS-1.3.2\WIN32\VS2008\LIBVORBIS\WIN32\DEBUG\_LIBVORBIS.LIB
C:\Users\Malius Arth\Documents\FH Technikum\5. Semester\Game Development\Angel-3.0.1\Code\Angel\Libraries\libvorbis-1.3.2\win32\VS2008\libvorbis\Win32\Debug\_libvorbis.write.1.tlog
C:\USERS\MALIUS ARTH\DOCUMENTS\FH TECHNIKUM\5. SEMESTER\GAME DEVELOPMENT\ANGEL-3.0.1\CODE\ANGEL\LIBRARIES\LIBVORBIS-1.3.2\WIN32\VS2008\LIBVORBIS\WIN32\DEBUG\ANALYSIS.OBJ
C:\USERS\MALIUS ARTH\DOCUMENTS\FH TECHNIKUM\5. SEMESTER\GAME DEVELOPMENT\ANGEL-3.0.1\CODE\ANGEL\LIBRARIES\LIBVORBIS-1.3.2\WIN32\VS2008\LIBVORBIS\WIN32\DEBUG\BITRATE.OBJ
C:\USERS\MALIUS ARTH\DOCUMENTS\FH TECHNIKUM\5. SEMESTER\GAME DEVELOPMENT\ANGEL-3.0.1\CODE\ANGEL\LIBRARIES\LIBVORBIS-1.3.2\WIN32\VS2008\LIBVORBIS\WIN32\DEBUG\BLOCK.OBJ
C:\Users\Malius Arth\Documents\FH Technikum\5. Semester\Game Development\Angel-3.0.1\Code\Angel\Libraries\libvorbis-1.3.2\win32\VS2008\libvorbis\Win32\Debug\cl.command.1.tlog
C:\Users\Malius Arth\Documents\FH Technikum\5. Semester\Game Development\Angel-3.0.1\Code\Angel\Libraries\libvorbis-1.3.2\win32\VS2008\libvorbis\Win32\Debug\CL.read.1.tlog
C:\Users\Malius Arth\Documents\FH Technikum\5. Semester\Game Development\Angel-3.0.1\Code\Angel\Libraries\libvorbis-1.3.2\win32\VS2008\libvorbis\Win32\Debug\CL.write.1.tlog
C:\USERS\MALIUS ARTH\DOCUMENTS\FH TECHNIKUM\5. SEMESTER\GAME DEVELOPMENT\ANGEL-3.0.1\CODE\ANGEL\LIBRARIES\LIBVORBIS-1.3.2\WIN32\VS2008\LIBVORBIS\WIN32\DEBUG\CODEBOOK.OBJ
C:\USERS\MALIUS ARTH\DOCUMENTS\FH TECHNIKUM\5. SEMESTER\GAME DEVELOPMENT\ANGEL-3.0.1\CODE\ANGEL\LIBRARIES\LIBVORBIS-1.3.2\WIN32\VS2008\LIBVORBIS\WIN32\DEBUG\ENVELOPE.OBJ
C:\USERS\MALIUS ARTH\DOCUMENTS\FH TECHNIKUM\5. SEMESTER\GAME DEVELOPMENT\ANGEL-3.0.1\CODE\ANGEL\LIBRARIES\LIBVORBIS-1.3.2\WIN32\VS2008\LIBVORBIS\WIN32\DEBUG\FLOOR0.OBJ
C:\USERS\MALIUS ARTH\DOCUMENTS\FH TECHNIKUM\5. SEMESTER\GAME DEVELOPMENT\ANGEL-3.0.1\CODE\ANGEL\LIBRARIES\LIBVORBIS-1.3.2\WIN32\VS2008\LIBVORBIS\WIN32\DEBUG\FLOOR1.OBJ
C:\USERS\MALIUS ARTH\DOCUMENTS\FH TECHNIKUM\5. SEMESTER\GAME DEVELOPMENT\ANGEL-3.0.1\CODE\ANGEL\LIBRARIES\LIBVORBIS-1.3.2\WIN32\VS2008\LIBVORBIS\WIN32\DEBUG\INFO.OBJ
C:\Users\Malius Arth\Documents\FH Technikum\5. Semester\Game Development\Angel-3.0.1\Code\Angel\Libraries\libvorbis-1.3.2\win32\VS2008\libvorbis\Win32\Debug\lib.command.1.tlog
C:\Users\Malius Arth\Documents\FH Technikum\5. Semester\Game Development\Angel-3.0.1\Code\Angel\Libraries\libvorbis-1.3.2\win32\VS2008\libvorbis\Win32\Debug\Lib-link.read.1.tlog
C:\Users\Malius Arth\Documents\FH Technikum\5. Semester\Game Development\Angel-3.0.1\Code\Angel\Libraries\libvorbis-1.3.2\win32\VS2008\libvorbis\Win32\Debug\Lib-link.write.1.tlog
C:\USERS\MALIUS ARTH\DOCUMENTS\FH TECHNIKUM\5. SEMESTER\GAME DEVELOPMENT\ANGEL-3.0.1\CODE\ANGEL\LIBRARIES\LIBVORBIS-1.3.2\WIN32\VS2008\LIBVORBIS\WIN32\DEBUG\LOOKUP.OBJ
C:\USERS\MALIUS ARTH\DOCUMENTS\FH TECHNIKUM\5. SEMESTER\GAME DEVELOPMENT\ANGEL-3.0.1\CODE\ANGEL\LIBRARIES\LIBVORBIS-1.3.2\WIN32\VS2008\LIBVORBIS\WIN32\DEBUG\LPC.OBJ
C:\USERS\MALIUS ARTH\DOCUMENTS\FH TECHNIKUM\5. SEMESTER\GAME DEVELOPMENT\ANGEL-3.0.1\CODE\ANGEL\LIBRARIES\LIBVORBIS-1.3.2\WIN32\VS2008\LIBVORBIS\WIN32\DEBUG\LSP.OBJ
C:\USERS\MALIUS ARTH\DOCUMENTS\FH TECHNIKUM\5. SEMESTER\GAME DEVELOPMENT\ANGEL-3.0.1\CODE\ANGEL\LIBRARIES\LIBVORBIS-1.3.2\WIN32\VS2008\LIBVORBIS\WIN32\DEBUG\MAPPING0.OBJ
C:\USERS\MALIUS ARTH\DOCUMENTS\FH TECHNIKUM\5. SEMESTER\GAME DEVELOPMENT\ANGEL-3.0.1\CODE\ANGEL\LIBRARIES\LIBVORBIS-1.3.2\WIN32\VS2008\LIBVORBIS\WIN32\DEBUG\MDCT.OBJ
C:\USERS\MALIUS ARTH\DOCUMENTS\FH TECHNIKUM\5. SEMESTER\GAME DEVELOPMENT\ANGEL-3.0.1\CODE\ANGEL\LIBRARIES\LIBVORBIS-1.3.2\WIN32\VS2008\LIBVORBIS\WIN32\DEBUG\PSY.OBJ
C:\USERS\MALIUS ARTH\DOCUMENTS\FH TECHNIKUM\5. SEMESTER\GAME DEVELOPMENT\ANGEL-3.0.1\CODE\ANGEL\LIBRARIES\LIBVORBIS-1.3.2\WIN32\VS2008\LIBVORBIS\WIN32\DEBUG\REGISTRY.OBJ
C:\USERS\MALIUS ARTH\DOCUMENTS\FH TECHNIKUM\5. SEMESTER\GAME DEVELOPMENT\ANGEL-3.0.1\CODE\ANGEL\LIBRARIES\LIBVORBIS-1.3.2\WIN32\VS2008\LIBVORBIS\WIN32\DEBUG\RES0.OBJ
C:\Users\Malius Arth\Documents\FH Technikum\5. Semester\Game Development\Angel-3.0.1\Code\Angel\Libraries\libvorbis-1.3.2\win32\VS2008\libvorbis\Win32\Debug\ResolveAssemblyReference.cache
C:\USERS\MALIUS ARTH\DOCUMENTS\FH TECHNIKUM\5. SEMESTER\GAME DEVELOPMENT\ANGEL-3.0.1\CODE\ANGEL\LIBRARIES\LIBVORBIS-1.3.2\WIN32\VS2008\LIBVORBIS\WIN32\DEBUG\SHAREDBOOK.OBJ
C:\USERS\MALIUS ARTH\DOCUMENTS\FH TECHNIKUM\5. SEMESTER\GAME DEVELOPMENT\ANGEL-3.0.1\CODE\ANGEL\LIBRARIES\LIBVORBIS-1.3.2\WIN32\VS2008\LIBVORBIS\WIN32\DEBUG\SMALLFT.OBJ
C:\USERS\MALIUS ARTH\DOCUMENTS\FH TECHNIKUM\5. SEMESTER\GAME DEVELOPMENT\ANGEL-3.0.1\CODE\ANGEL\LIBRARIES\LIBVORBIS-1.3.2\WIN32\VS2008\LIBVORBIS\WIN32\DEBUG\SYNTHESIS.OBJ
C:\Users\Malius Arth\Documents\FH Technikum\5. Semester\Game Development\Angel-3.0.1\Code\Angel\Libraries\libvorbis-1.3.2\win32\VS2008\libvorbis\Win32\Debug\vc100.idb
C:\USERS\MALIUS ARTH\DOCUMENTS\FH TECHNIKUM\5. SEMESTER\GAME DEVELOPMENT\ANGEL-3.0.1\CODE\ANGEL\LIBRARIES\LIBVORBIS-1.3.2\WIN32\VS2008\LIBVORBIS\WIN32\DEBUG\VC100.PDB
C:\USERS\MALIUS ARTH\DOCUMENTS\FH TECHNIKUM\5. SEMESTER\GAME DEVELOPMENT\ANGEL-3.0.1\CODE\ANGEL\LIBRARIES\LIBVORBIS-1.3.2\WIN32\VS2008\LIBVORBIS\WIN32\DEBUG\VORBISENC.OBJ
C:\USERS\MALIUS ARTH\DOCUMENTS\FH TECHNIKUM\5. SEMESTER\GAME DEVELOPMENT\ANGEL-3.0.1\CODE\ANGEL\LIBRARIES\LIBVORBIS-1.3.2\WIN32\VS2008\LIBVORBIS\WIN32\DEBUG\WINDOW.OBJ
