Build started 08.11.2012 20:52:44.
     1>Project "C:\Users\Philipp\Documents\PixelArth\Angel-3.0.1\Code\IntroGame\IntroGame.vcxproj" on node 4 (build target(s)).
     1>InitializeBuildStatus:
         Creating "Debug\IntroGame.unsuccessfulbuild" because "AlwaysCreate" was specified.
       PreBuildEvent:
         Description: Scripting setup...
         xcopy ..\Angel\Scripting\EngineScripts\* Resources\Scripts /y /e > nul
         
         cd ..\Tools\BuildScripts
         ..\..\Angel\Libraries\lua-5.1.5\Debug\lua.exe swig_wrap.lua -D INTROGAME -p "C:\Users\Philipp\Documents\PixelArth\Angel-3.0.1\Code\
         
         :VCEnd
         Interface files are up to date.
       ClCompile:
         All outputs are up-to-date.
         All outputs are up-to-date.
         All outputs are up-to-date.
       ManifestResourceCompile:
         All outputs are up-to-date.
       Link:
         All outputs are up-to-date.
       Manifest:
         All outputs are up-to-date.
       PostBuildEvent:
         Description: Copying DLLs...
         copy ..\Angel\Libraries\DevIL-SDK-1.7.8\win\lib\DevIL.dll . /y > nul
         copy ..\Angel\Libraries\DevIL-SDK-1.7.8\win\lib\ILU.dll . /y > nul
         copy ..\Angel\Libraries\DevIL-SDK-1.7.8\win\lib\ILUT.dll . /y > nul
         xcopy ..\Angel\Libraries\FMOD\*.dll . /y > nul
         copy ..\Angel\Libraries\openal-soft-1.13-bin\Win32\soft_oal.dll .\OpenAL32.dll /y > nul
         
         :VCEnd
       FinalizeBuildStatus:
         Deleting file "Debug\IntroGame.unsuccessfulbuild".
         Touching "Debug\IntroGame.lastbuildstate".
     1>Done Building Project "C:\Users\Philipp\Documents\PixelArth\Angel-3.0.1\Code\IntroGame\IntroGame.vcxproj" (build target(s)).

Build succeeded.

Time Elapsed 00:00:01.12
