C:\PIXELARTH\ANGEL-3.0.1\CODE\INTROGAME\DEBUG\ANGELLUAWRAPPINGINTROGAME.OBJ
C:\PixelArth\Angel-3.0.1\Code\IntroGame\Debug\cl.command.1.tlog
C:\PixelArth\Angel-3.0.1\Code\IntroGame\Debug\CL.read.1.tlog
C:\PixelArth\Angel-3.0.1\Code\IntroGame\Debug\CL.write.1.tlog
C:\PIXELARTH\ANGEL-3.0.1\CODE\INTROGAME\DEBUG\DEMOGAMEMANAGER.OBJ
C:\PIXELARTH\ANGEL-3.0.1\CODE\INTROGAME\DEBUG\DEMOSCREENBINDINGINSTRUCTIONS.OBJ
C:\PIXELARTH\ANGEL-3.0.1\CODE\INTROGAME\DEBUG\DEMOSCREENBYEBYE.OBJ
C:\PIXELARTH\ANGEL-3.0.1\CODE\INTROGAME\DEBUG\DEMOSCREENCONSOLE.OBJ
C:\PIXELARTH\ANGEL-3.0.1\CODE\INTROGAME\DEBUG\DEMOSCREENCONTROLLERINSTRUCTIONS.OBJ
C:\PIXELARTH\ANGEL-3.0.1\CODE\INTROGAME\DEBUG\DEMOSCREENDEFFILE.OBJ
C:\PIXELARTH\ANGEL-3.0.1\CODE\INTROGAME\DEBUG\DEMOSCREENIMAGEMAP.OBJ
C:\PIXELARTH\ANGEL-3.0.1\CODE\INTROGAME\DEBUG\DEMOSCREENINSTRUCTIONS.OBJ
C:\PIXELARTH\ANGEL-3.0.1\CODE\INTROGAME\DEBUG\DEMOSCREENINTERVALS.OBJ
C:\PIXELARTH\ANGEL-3.0.1\CODE\INTROGAME\DEBUG\DEMOSCREENLAYEREDCOLLISIONLEVELFILE.OBJ
C:\PIXELARTH\ANGEL-3.0.1\CODE\INTROGAME\DEBUG\DEMOSCREENLEVELFILE.OBJ
C:\PIXELARTH\ANGEL-3.0.1\CODE\INTROGAME\DEBUG\DEMOSCREENMESSAGEPASSING.OBJ
C:\PIXELARTH\ANGEL-3.0.1\CODE\INTROGAME\DEBUG\DEMOSCREENMOBILESIMULATOR.OBJ
C:\PIXELARTH\ANGEL-3.0.1\CODE\INTROGAME\DEBUG\DEMOSCREENMOVINGACTOR.OBJ
C:\PIXELARTH\ANGEL-3.0.1\CODE\INTROGAME\DEBUG\DEMOSCREENMULTIPLECONTROLLERS.OBJ
C:\PIXELARTH\ANGEL-3.0.1\CODE\INTROGAME\DEBUG\DEMOSCREENPARTICLEACTORS.OBJ
C:\PIXELARTH\ANGEL-3.0.1\CODE\INTROGAME\DEBUG\DEMOSCREENPATHFINDING.OBJ
C:\PIXELARTH\ANGEL-3.0.1\CODE\INTROGAME\DEBUG\DEMOSCREENPHYSICSACTOR.OBJ
C:\PIXELARTH\ANGEL-3.0.1\CODE\INTROGAME\DEBUG\DEMOSCREENRENDERLAYERS.OBJ
C:\PIXELARTH\ANGEL-3.0.1\CODE\INTROGAME\DEBUG\DEMOSCREENSIMPLEACTOR.OBJ
C:\PIXELARTH\ANGEL-3.0.1\CODE\INTROGAME\DEBUG\DEMOSCREENSTART.OBJ
C:\PIXELARTH\ANGEL-3.0.1\CODE\INTROGAME\DEBUG\DEMOSCREENTUNINGVARIABLES.OBJ
C:\PIXELARTH\ANGEL-3.0.1\CODE\INTROGAME\DEBUG\INTROGAME.EXE
C:\PIXELARTH\ANGEL-3.0.1\CODE\INTROGAME\DEBUG\INTROGAME.EXE.EMBED.MANIFEST
C:\PIXELARTH\ANGEL-3.0.1\CODE\INTROGAME\DEBUG\INTROGAME.EXE.EMBED.MANIFEST.RES
C:\PIXELARTH\ANGEL-3.0.1\CODE\INTROGAME\DEBUG\INTROGAME.EXE.INTERMEDIATE.MANIFEST
C:\PixelArth\Angel-3.0.1\Code\IntroGame\Debug\IntroGame.exp
C:\PIXELARTH\ANGEL-3.0.1\CODE\INTROGAME\DEBUG\INTROGAME.ILK
C:\PixelArth\Angel-3.0.1\Code\IntroGame\Debug\IntroGame.lib
C:\PIXELARTH\ANGEL-3.0.1\CODE\INTROGAME\DEBUG\INTROGAME.PCH
C:\PIXELARTH\ANGEL-3.0.1\CODE\INTROGAME\DEBUG\INTROGAME.PDB
C:\PixelArth\Angel-3.0.1\Code\IntroGame\Debug\IntroGame.write.1.tlog
C:\PixelArth\Angel-3.0.1\Code\IntroGame\Debug\IntroGame_manifest.rc
C:\PixelArth\Angel-3.0.1\Code\IntroGame\Debug\link.6304.read.1.tlog
C:\PixelArth\Angel-3.0.1\Code\IntroGame\Debug\link.6304.write.1.tlog
C:\PixelArth\Angel-3.0.1\Code\IntroGame\Debug\link.6304-cvtres.read.1.tlog
C:\PixelArth\Angel-3.0.1\Code\IntroGame\Debug\link.6304-cvtres.write.1.tlog
C:\PixelArth\Angel-3.0.1\Code\IntroGame\Debug\link.command.1.tlog
C:\PixelArth\Angel-3.0.1\Code\IntroGame\Debug\link.read.1.tlog
C:\PixelArth\Angel-3.0.1\Code\IntroGame\Debug\link.write.1.tlog
C:\PixelArth\Angel-3.0.1\Code\IntroGame\Debug\link-cvtres.read.1.tlog
C:\PixelArth\Angel-3.0.1\Code\IntroGame\Debug\link-cvtres.write.1.tlog
C:\PIXELARTH\ANGEL-3.0.1\CODE\INTROGAME\DEBUG\MAIN.OBJ
C:\PixelArth\Angel-3.0.1\Code\IntroGame\Debug\mt.command.1.tlog
C:\PixelArth\Angel-3.0.1\Code\IntroGame\Debug\mt.read.1.tlog
C:\PixelArth\Angel-3.0.1\Code\IntroGame\Debug\mt.write.1.tlog
C:\PixelArth\Angel-3.0.1\Code\IntroGame\Debug\rc.command.1.tlog
C:\PixelArth\Angel-3.0.1\Code\IntroGame\Debug\rc.read.1.tlog
C:\PixelArth\Angel-3.0.1\Code\IntroGame\Debug\rc.write.1.tlog
C:\PIXELARTH\ANGEL-3.0.1\CODE\INTROGAME\DEBUG\STDAFX.OBJ
C:\PixelArth\Angel-3.0.1\Code\IntroGame\Debug\vc100.idb
C:\PIXELARTH\ANGEL-3.0.1\CODE\INTROGAME\DEBUG\VC100.PDB
Debug\IntroGame.ilk
Debug\IntroGame.pdb
