C:\PIXELARTH\ANGEL-3.0.1\CODE\ANGEL\LIBRARIES\GLFW-2.7.3\SUPPORT\MSVC90\DEBUG\_GLFW.LIB
C:\PixelArth\Angel-3.0.1\Code\Angel\Libraries\glfw-2.7.3\support\msvc90\Debug\_GLFW.write.1.tlog
C:\PixelArth\Angel-3.0.1\Code\Angel\Libraries\glfw-2.7.3\support\msvc90\Debug\cl.command.1.tlog
C:\PixelArth\Angel-3.0.1\Code\Angel\Libraries\glfw-2.7.3\support\msvc90\Debug\CL.read.1.tlog
C:\PixelArth\Angel-3.0.1\Code\Angel\Libraries\glfw-2.7.3\support\msvc90\Debug\CL.write.1.tlog
C:\PIXELARTH\ANGEL-3.0.1\CODE\ANGEL\LIBRARIES\GLFW-2.7.3\SUPPORT\MSVC90\DEBUG\ENABLE.OBJ
C:\PIXELARTH\ANGEL-3.0.1\CODE\ANGEL\LIBRARIES\GLFW-2.7.3\SUPPORT\MSVC90\DEBUG\FULLSCREEN.OBJ
C:\PIXELARTH\ANGEL-3.0.1\CODE\ANGEL\LIBRARIES\GLFW-2.7.3\SUPPORT\MSVC90\DEBUG\GLEXT.OBJ
C:\PixelArth\Angel-3.0.1\Code\Angel\Libraries\glfw-2.7.3\support\msvc90\Debug\GLFW.vcxprojResolveAssemblyReference.cache
C:\PIXELARTH\ANGEL-3.0.1\CODE\ANGEL\LIBRARIES\GLFW-2.7.3\SUPPORT\MSVC90\DEBUG\IMAGE.OBJ
C:\PIXELARTH\ANGEL-3.0.1\CODE\ANGEL\LIBRARIES\GLFW-2.7.3\SUPPORT\MSVC90\DEBUG\INIT.OBJ
C:\PIXELARTH\ANGEL-3.0.1\CODE\ANGEL\LIBRARIES\GLFW-2.7.3\SUPPORT\MSVC90\DEBUG\INPUT.OBJ
C:\PIXELARTH\ANGEL-3.0.1\CODE\ANGEL\LIBRARIES\GLFW-2.7.3\SUPPORT\MSVC90\DEBUG\JOYSTICK.OBJ
C:\PixelArth\Angel-3.0.1\Code\Angel\Libraries\glfw-2.7.3\support\msvc90\Debug\lib.command.1.tlog
C:\PixelArth\Angel-3.0.1\Code\Angel\Libraries\glfw-2.7.3\support\msvc90\Debug\Lib-link.read.1.tlog
C:\PixelArth\Angel-3.0.1\Code\Angel\Libraries\glfw-2.7.3\support\msvc90\Debug\Lib-link.write.1.tlog
C:\PIXELARTH\ANGEL-3.0.1\CODE\ANGEL\LIBRARIES\GLFW-2.7.3\SUPPORT\MSVC90\DEBUG\STREAM.OBJ
C:\PIXELARTH\ANGEL-3.0.1\CODE\ANGEL\LIBRARIES\GLFW-2.7.3\SUPPORT\MSVC90\DEBUG\TGA.OBJ
C:\PIXELARTH\ANGEL-3.0.1\CODE\ANGEL\LIBRARIES\GLFW-2.7.3\SUPPORT\MSVC90\DEBUG\THREAD.OBJ
C:\PIXELARTH\ANGEL-3.0.1\CODE\ANGEL\LIBRARIES\GLFW-2.7.3\SUPPORT\MSVC90\DEBUG\TIME.OBJ
C:\PixelArth\Angel-3.0.1\Code\Angel\Libraries\glfw-2.7.3\support\msvc90\Debug\vc100.idb
C:\PIXELARTH\ANGEL-3.0.1\CODE\ANGEL\LIBRARIES\GLFW-2.7.3\SUPPORT\MSVC90\DEBUG\VC100.PDB
C:\PIXELARTH\ANGEL-3.0.1\CODE\ANGEL\LIBRARIES\GLFW-2.7.3\SUPPORT\MSVC90\DEBUG\WIN32_DLLMAIN.OBJ
C:\PIXELARTH\ANGEL-3.0.1\CODE\ANGEL\LIBRARIES\GLFW-2.7.3\SUPPORT\MSVC90\DEBUG\WIN32_ENABLE.OBJ
C:\PIXELARTH\ANGEL-3.0.1\CODE\ANGEL\LIBRARIES\GLFW-2.7.3\SUPPORT\MSVC90\DEBUG\WIN32_FULLSCREEN.OBJ
C:\PIXELARTH\ANGEL-3.0.1\CODE\ANGEL\LIBRARIES\GLFW-2.7.3\SUPPORT\MSVC90\DEBUG\WIN32_GLEXT.OBJ
C:\PIXELARTH\ANGEL-3.0.1\CODE\ANGEL\LIBRARIES\GLFW-2.7.3\SUPPORT\MSVC90\DEBUG\WIN32_INIT.OBJ
C:\PIXELARTH\ANGEL-3.0.1\CODE\ANGEL\LIBRARIES\GLFW-2.7.3\SUPPORT\MSVC90\DEBUG\WIN32_JOYSTICK.OBJ
C:\PIXELARTH\ANGEL-3.0.1\CODE\ANGEL\LIBRARIES\GLFW-2.7.3\SUPPORT\MSVC90\DEBUG\WIN32_THREAD.OBJ
C:\PIXELARTH\ANGEL-3.0.1\CODE\ANGEL\LIBRARIES\GLFW-2.7.3\SUPPORT\MSVC90\DEBUG\WIN32_TIME.OBJ
C:\PIXELARTH\ANGEL-3.0.1\CODE\ANGEL\LIBRARIES\GLFW-2.7.3\SUPPORT\MSVC90\DEBUG\WIN32_WINDOW.OBJ
C:\PIXELARTH\ANGEL-3.0.1\CODE\ANGEL\LIBRARIES\GLFW-2.7.3\SUPPORT\MSVC90\DEBUG\WINDOW.OBJ
