Build started 31.10.2012 15:29:36.
     1>Project "C:\PixelArth\Angel-3.0.1\Code\Angel\Libraries\glfw-2.7.3\support\msvc90\GLFW.vcxproj" on node 5 (rebuild target(s)).
     1>_PrepareForClean:
         Deleting file "Debug\_GLFW.lastbuildstate".
       InitializeBuildStatus:
         Creating "Debug\_GLFW.unsuccessfulbuild" because "AlwaysCreate" was specified.
       ClCompile:
         C:\Program Files (x86)\Microsoft Visual Studio 10.0\VC\bin\CL.exe /c /I"C:\PixelArth\Angel-3.0.1\Code\Angel\Libraries\glfw-2.7.3\support\msvc90\../../lib" /I"C:\PixelArth\Angel-3.0.1\Code\Angel\Libraries\glfw-2.7.3\support\msvc90\../../lib/win32" /I"C:\PixelArth\Angel-3.0.1\Code\Angel\Libraries\glfw-2.7.3\support\msvc90\../../include" /ZI /nologo /W3 /WX- /Od /Oy- /D WIN32 /D _DEBUG /D _LIB /D _MBCS /Gm- /EHsc /RTC1 /MDd /GS /fp:precise /Zc:wchar_t /Zc:forScope /Fo"Debug\\" /Fd"Debug\vc100.pdb" /Gd /TC /analyze- /errorReport:prompt ..\..\lib\enable.c ..\..\lib\fullscreen.c ..\..\lib\glext.c ..\..\lib\image.c ..\..\lib\init.c ..\..\lib\input.c ..\..\lib\joystick.c ..\..\lib\stream.c ..\..\lib\tga.c ..\..\lib\thread.c ..\..\lib\time.c ..\..\lib\win32\win32_dllmain.c ..\..\lib\win32\win32_enable.c ..\..\lib\win32\win32_fullscreen.c ..\..\lib\win32\win32_glext.c ..\..\lib\win32\win32_init.c ..\..\lib\win32\win32_joystick.c ..\..\lib\win32\win32_thread.c ..\..\lib\win32\win32_time.c ..\..\lib\win32\win32_window.c ..\..\lib\window.c
         enable.c
         fullscreen.c
         glext.c
         image.c
         init.c
         input.c
         joystick.c
         stream.c
         tga.c
         thread.c
         time.c
         win32_dllmain.c
         win32_enable.c
         win32_fullscreen.c
         win32_glext.c
         win32_init.c
         win32_joystick.c
         win32_thread.c
         win32_time.c
         win32_window.c
         Generating Code...
         Compiling...
         window.c
         Generating Code...
       Lib:
         C:\Program Files (x86)\Microsoft Visual Studio 10.0\VC\bin\Lib.exe /OUT:"C:\PixelArth\Angel-3.0.1\Code\Angel\Libraries\glfw-2.7.3\support\msvc90\Debug\_GLFW.lib" /NOLOGO Debug\enable.obj
         Debug\fullscreen.obj
         Debug\glext.obj
         Debug\image.obj
         Debug\init.obj
         Debug\input.obj
         Debug\joystick.obj
         Debug\stream.obj
         Debug\tga.obj
         Debug\thread.obj
         Debug\time.obj
         Debug\win32_dllmain.obj
         Debug\win32_enable.obj
         Debug\win32_fullscreen.obj
         Debug\win32_glext.obj
         Debug\win32_init.obj
         Debug\win32_joystick.obj
         Debug\win32_thread.obj
         Debug\win32_time.obj
         Debug\win32_window.obj
         Debug\window.obj
         GLFW.vcxproj -> C:\PixelArth\Angel-3.0.1\Code\Angel\Libraries\glfw-2.7.3\support\msvc90\Debug\_GLFW.lib
       FinalizeBuildStatus:
         Deleting file "Debug\_GLFW.unsuccessfulbuild".
         Touching "Debug\_GLFW.lastbuildstate".
     1>Done Building Project "C:\PixelArth\Angel-3.0.1\Code\Angel\Libraries\glfw-2.7.3\support\msvc90\GLFW.vcxproj" (rebuild target(s)).

Build succeeded.

Time Elapsed 00:00:06.21
