Build started 31.10.2012 15:29:30.
     1>Project "C:\PixelArth\Angel-3.0.1\Code\Angel\Libraries\libogg-1.3.0\win32\VS2008\libogg_static.vcxproj" on node 2 (rebuild target(s)).
     1>_PrepareForClean:
         Deleting file "Win32\Debug\_libogg.lastbuildstate".
       InitializeBuildStatus:
         Creating "Win32\Debug\_libogg.unsuccessfulbuild" because "AlwaysCreate" was specified.
       ClCompile:
         C:\Program Files (x86)\Microsoft Visual Studio 10.0\VC\bin\CL.exe /c /I..\..\include /ZI /nologo /W0 /WX- /Od /Oy- /D WIN32 /D _DEBUG /D _WINDOWS /D _USRDLL /D LIBOGG_EXPORTS /D _UNICODE /D UNICODE /Gm /EHsc /RTC1 /MDd /GS /fp:precise /Zc:wchar_t /Zc:forScope /Fo"Win32\Debug\\" /Fd"Win32\Debug\vc100.pdb" /Gd /TC /analyze- /errorReport:prompt ..\..\src\bitwise.c ..\..\src\framing.c
         framing.c
         bitwise.c
         Generating Code...
       Lib:
         C:\Program Files (x86)\Microsoft Visual Studio 10.0\VC\bin\Lib.exe /OUT:"C:\PixelArth\Angel-3.0.1\Code\Angel\Libraries\libogg-1.3.0\win32\VS2008\Win32\Debug\_libogg.lib" /NOLOGO Win32\Debug\bitwise.obj
         Win32\Debug\framing.obj
         libogg_static.vcxproj -> C:\PixelArth\Angel-3.0.1\Code\Angel\Libraries\libogg-1.3.0\win32\VS2008\Win32\Debug\_libogg.lib
       FinalizeBuildStatus:
         Deleting file "Win32\Debug\_libogg.unsuccessfulbuild".
         Touching "Win32\Debug\_libogg.lastbuildstate".
     1>Done Building Project "C:\PixelArth\Angel-3.0.1\Code\Angel\Libraries\libogg-1.3.0\win32\VS2008\libogg_static.vcxproj" (rebuild target(s)).

Build succeeded.

Time Elapsed 00:00:00.70
