C:\PIXELARTH\ANGEL-3.0.1\CODE\CLIENTGAME\DEBUG\ANGELLUAWRAPPING.OBJ
C:\PixelArth\Angel-3.0.1\Code\ClientGame\Debug\cl.command.1.tlog
C:\PixelArth\Angel-3.0.1\Code\ClientGame\Debug\CL.read.1.tlog
C:\PixelArth\Angel-3.0.1\Code\ClientGame\Debug\CL.write.1.tlog
C:\PIXELARTH\ANGEL-3.0.1\CODE\CLIENTGAME\DEBUG\CLIENTGAME.EXE
C:\PIXELARTH\ANGEL-3.0.1\CODE\CLIENTGAME\DEBUG\CLIENTGAME.EXE.EMBED.MANIFEST
C:\PIXELARTH\ANGEL-3.0.1\CODE\CLIENTGAME\DEBUG\CLIENTGAME.EXE.EMBED.MANIFEST.RES
C:\PIXELARTH\ANGEL-3.0.1\CODE\CLIENTGAME\DEBUG\CLIENTGAME.EXE.INTERMEDIATE.MANIFEST
C:\PixelArth\Angel-3.0.1\Code\ClientGame\Debug\ClientGame.exp
C:\PIXELARTH\ANGEL-3.0.1\CODE\CLIENTGAME\DEBUG\CLIENTGAME.ILK
C:\PixelArth\Angel-3.0.1\Code\ClientGame\Debug\ClientGame.lib
C:\PIXELARTH\ANGEL-3.0.1\CODE\CLIENTGAME\DEBUG\CLIENTGAME.PCH
C:\PIXELARTH\ANGEL-3.0.1\CODE\CLIENTGAME\DEBUG\CLIENTGAME.PDB
C:\PixelArth\Angel-3.0.1\Code\ClientGame\Debug\ClientGame.write.1.tlog
C:\PixelArth\Angel-3.0.1\Code\ClientGame\Debug\ClientGame_manifest.rc
C:\PixelArth\Angel-3.0.1\Code\ClientGame\Debug\link.7104.read.1.tlog
C:\PixelArth\Angel-3.0.1\Code\ClientGame\Debug\link.7104.write.1.tlog
C:\PixelArth\Angel-3.0.1\Code\ClientGame\Debug\link.7104-cvtres.read.1.tlog
C:\PixelArth\Angel-3.0.1\Code\ClientGame\Debug\link.7104-cvtres.write.1.tlog
C:\PixelArth\Angel-3.0.1\Code\ClientGame\Debug\link.command.1.tlog
C:\PixelArth\Angel-3.0.1\Code\ClientGame\Debug\link.read.1.tlog
C:\PixelArth\Angel-3.0.1\Code\ClientGame\Debug\link.write.1.tlog
C:\PixelArth\Angel-3.0.1\Code\ClientGame\Debug\link-cvtres.read.1.tlog
C:\PixelArth\Angel-3.0.1\Code\ClientGame\Debug\link-cvtres.write.1.tlog
C:\PixelArth\Angel-3.0.1\Code\ClientGame\Debug\mt.command.1.tlog
C:\PixelArth\Angel-3.0.1\Code\ClientGame\Debug\mt.read.1.tlog
C:\PixelArth\Angel-3.0.1\Code\ClientGame\Debug\mt.write.1.tlog
C:\PIXELARTH\ANGEL-3.0.1\CODE\CLIENTGAME\DEBUG\PIXELARTHGAMEMANAGER.OBJ
C:\PixelArth\Angel-3.0.1\Code\ClientGame\Debug\rc.command.1.tlog
C:\PixelArth\Angel-3.0.1\Code\ClientGame\Debug\rc.read.1.tlog
C:\PixelArth\Angel-3.0.1\Code\ClientGame\Debug\rc.write.1.tlog
C:\PIXELARTH\ANGEL-3.0.1\CODE\CLIENTGAME\DEBUG\STDAFX.OBJ
C:\PixelArth\Angel-3.0.1\Code\ClientGame\Debug\vc100.idb
C:\PIXELARTH\ANGEL-3.0.1\CODE\CLIENTGAME\DEBUG\VC100.PDB
Debug\ClientGame.ilk
Debug\ClientGame.pdb
