Build started 08.11.2012 20:52:42.
     1>Project "C:\Users\Philipp\Documents\PixelArth\Angel-3.0.1\Code\ClientGame\ClientGame.vcxproj" on node 2 (build target(s)).
     1>InitializeBuildStatus:
         Creating "Debug\ClientGame.unsuccessfulbuild" because "AlwaysCreate" was specified.
       PreBuildEvent:
         Description: Scripting setup...
         xcopy ..\Angel\Scripting\EngineScripts\* Resources\Scripts /y /e > nul
         
         cd ..\Tools\BuildScripts
         ..\..\Angel\Libraries\lua-5.1.5\Debug\lua.exe swig_wrap.lua -p "C:\Users\Philipp\Documents\PixelArth\Angel-3.0.1\Code\
         
         :VCEnd
         Interface files are up to date.
       ClCompile:
         All outputs are up-to-date.
         All outputs are up-to-date.
         c:\Program Files (x86)\Microsoft Visual Studio 10.0\VC\bin\CL.exe /c /Iinclude /I"C:\Users\Philipp\Documents\PixelArth\Angel-3.0.1\Code\ClientGame\\..\Angel" /I"C:\Users\Philipp\Documents\PixelArth\Angel-3.0.1\Code\ClientGame\\..\Angel\Libraries\freetype-2.4.8\include" /I"C:\Users\Philipp\Documents\PixelArth\Angel-3.0.1\Code\ClientGame\\..\Angel\Libraries\FTGL\include" /I"C:\Users\Philipp\Documents\PixelArth\Angel-3.0.1\Code\ClientGame\\..\Angel\Libraries\DevIL-SDK-1.7.8\win\include" /I"C:\Users\Philipp\Documents\PixelArth\Angel-3.0.1\Code\ClientGame\\..\Angel\Libraries\glfw-2.7.3\include" /I"C:\Users\Philipp\Documents\PixelArth\Angel-3.0.1\Code\ClientGame\\..\Angel\Libraries\Box2D-2.2.1" /I"C:\Users\Philipp\Documents\PixelArth\Angel-3.0.1\Code\ClientGame\\..\Angel\Libraries\lua-5.1.5\src" /I"C:\Users\Philipp\Documents\PixelArth\Angel-3.0.1\Code\ClientGame\\..\Angel\Libraries\FMOD\inc" /I"C:\Users\Philipp\Documents\PixelArth\Angel-3.0.1\Code\ClientGame\\..\Angel\Libraries\openal-soft-1.13-bin\include" /I"C:\Users\Philipp\Documents\PixelArth\Angel-3.0.1\Code\ClientGame\\..\Angel\Libraries\libogg-1.3.0\include" /I"C:\Users\Philipp\Documents\PixelArth\Angel-3.0.1\Code\ClientGame\\..\Angel\Libraries\libvorbis-1.3.2\include" /I"C:\Users\Philipp\Documents\PixelArth\Angel-3.0.1\Code\ClientGame\\WorldMap" /I"C:\Users\Philipp\Documents\PixelArth\Angel-3.0.1\Code\ClientGame\\" /ZI /nologo /W3 /WX- /Od /Oy- /D WIN32 /D _DEBUG /D _CONSOLE /D FTGL_LIBRARY_STATIC /D _UNICODE /D UNICODE /Gm /EHsc /RTC1 /MDd /GS /fp:precise /Zc:wchar_t /Zc:forScope /Yu"StdAfx.h" /Fp"Debug\ClientGame.pch" /Fo"Debug\\" /Fd"Debug\vc100.pdb" /Gd /TP /wd4244 /analyze- /errorReport:prompt WorldMap\PixelArthScreenTest.cpp
         PixelArthScreenTest.cpp
       ManifestResourceCompile:
         All outputs are up-to-date.
       Link:
         c:\Program Files (x86)\Microsoft Visual Studio 10.0\VC\bin\link.exe /ERRORREPORT:PROMPT /OUT:"Debug\ClientGame.exe" /INCREMENTAL /NOLOGO /LIBPATH:lib\x86 /LIBPATH:"C:\Users\Philipp\Documents\PixelArth\Angel-3.0.1\Code\ClientGame\\..\Angel\Libraries\DevIL-SDK-1.7.8\win\lib" /LIBPATH:"C:\Users\Philipp\Documents\PixelArth\Angel-3.0.1\Code\ClientGame\\..\Angel\Libraries\FMOD\lib" /LIBPATH:"C:\Users\Philipp\Documents\PixelArth\Angel-3.0.1\Code\ClientGame\\..\Angel\Libraries\glfw-2.7.3\support\msvc90\Debug" /LIBPATH:"C:\Users\Philipp\Documents\PixelArth\Angel-3.0.1\Code\ClientGame\\..\Angel\Libraries\FTGL\win32_vcpp\build" /LIBPATH:"C:\Users\Philipp\Documents\PixelArth\Angel-3.0.1\Code\ClientGame\\..\Angel\Libraries\freetype-2.4.8\objs" /LIBPATH:"C:\Users\Philipp\Documents\PixelArth\Angel-3.0.1\Code\ClientGame\\..\Angel\Libraries\Box2D-2.2.1\Build\vs2008\Debug" /LIBPATH:"C:\Users\Philipp\Documents\PixelArth\Angel-3.0.1\Code\ClientGame\\..\Angel\Debug" /LIBPATH:"C:\Users\Philipp\Documents\PixelArth\Angel-3.0.1\Code\ClientGame\\..\Angel\Libraries\lua-5.1.5\Debug" /LIBPATH:"C:\Users\Philipp\Documents\PixelArth\Angel-3.0.1\Code\ClientGame\\..\Angel\Scripting\IntroGameDebug" /LIBPATH:"C:\Users\Philipp\Documents\PixelArth\Angel-3.0.1\Code\ClientGame\\..\Angel\Libraries\openal-soft-1.13-bin\lib\Win32" /LIBPATH:"C:\Users\Philipp\Documents\PixelArth\Angel-3.0.1\Code\ClientGame\\..\Angel\Libraries\libogg-1.3.0\win32\VS2008\Win32\Debug" /LIBPATH:"C:\Users\Philipp\Documents\PixelArth\Angel-3.0.1\Code\ClientGame\\..\Angel\Libraries\libvorbis-1.3.2\win32\VS2008\libvorbis\Win32\Debug" /LIBPATH:"C:\Users\Philipp\Documents\PixelArth\Angel-3.0.1\Code\ClientGame\\..\Angel\Libraries\libvorbis-1.3.2\win32\VS2008\libvorbisfile\Win32\Debug" libpng.lib zlib.lib DevIL.lib ILU.lib ILUT.lib opengl32.lib glu32.lib fmodex_vc.lib _GLFW.lib ftgl_static_MTD_d.lib freetype248_D.lib Box2D.lib Angel.lib Lua.lib libOpenAL32.dll.a _libogg.lib _libvorbis.lib _libvorbisfile_static.lib kernel32.lib user32.lib gdi32.lib winspool.lib comdlg32.lib advapi32.lib shell32.lib ole32.lib oleaut32.lib uuid.lib odbc32.lib odbccp32.lib /NODEFAULTLIB:LIBCMTD.LIB /NODEFAULTLIB:MSVCRT.LIB /MANIFEST /ManifestFile:"Debug\ClientGame.exe.intermediate.manifest" /MANIFESTUAC:"level='asInvoker' uiAccess='false'" /DEBUG /PDB:"C:\Users\Philipp\Documents\PixelArth\Angel-3.0.1\Code\ClientGame\Debug\ClientGame.pdb" /SUBSYSTEM:CONSOLE /TLBID:1 /DYNAMICBASE:NO /IMPLIB:"Debug\ClientGame.lib" /MACHINE:X86 Debug\ClientGame.exe.embed.manifest.res
         Debug\AngelLuaWrapping.obj
         Debug\GroundActor.obj
         Debug\CharActor.obj
         Debug\PixelArthGameManager.obj
         Debug\stdafx.obj
         Debug\Main.obj
         Debug\PixelArthScreenTest.obj
       Manifest:
         c:\Program Files (x86)\Microsoft SDKs\Windows\v7.0A\bin\mt.exe /nologo /verbose /out:"Debug\ClientGame.exe.embed.manifest" /manifest Debug\ClientGame.exe.intermediate.manifest
         All outputs are up-to-date.
       LinkEmbedManifest:
         All outputs are up-to-date.
         ClientGame.vcxproj -> C:\Users\Philipp\Documents\PixelArth\Angel-3.0.1\Code\ClientGame\Debug\ClientGame.exe
       PostBuildEvent:
         Description: Copying DLLs...
         copy ..\Angel\Libraries\DevIL-SDK-1.7.8\win\lib\DevIL.dll . /y > nul
         copy ..\Angel\Libraries\DevIL-SDK-1.7.8\win\lib\ILU.dll . /y > nul
         copy ..\Angel\Libraries\DevIL-SDK-1.7.8\win\lib\ILUT.dll . /y > nul
         xcopy ..\Angel\Libraries\FMOD\*.dll . /y > nul
         copy ..\Angel\Libraries\openal-soft-1.13-bin\Win32\soft_oal.dll .\OpenAL32.dll /y > nul
         
         :VCEnd
       FinalizeBuildStatus:
         Deleting file "Debug\ClientGame.unsuccessfulbuild".
         Touching "Debug\ClientGame.lastbuildstate".
     1>Done Building Project "C:\Users\Philipp\Documents\PixelArth\Angel-3.0.1\Code\ClientGame\ClientGame.vcxproj" (build target(s)).

Build succeeded.

Time Elapsed 00:00:01.58
